<?xml version="1.0" encoding="UTF-8"?>
<coverage generated="1753372080703" clover="3.2.0">
  <project timestamp="1753372080703" name="All files">
    <metrics statements="762" coveredstatements="297" conditionals="541" coveredconditionals="198" methods="97" coveredmethods="29" elements="1400" coveredelements="524" complexity="0" loc="762" ncloc="762" packages="2" files="9" classes="9"/>
    <package name="parser">
      <metrics statements="321" coveredstatements="297" conditionals="251" coveredconditionals="198" methods="33" coveredmethods="29"/>
      <file name="DocumentParser.ts" path="/Users/aninukas/Library/Mobile Documents/com~apple~CloudDocs/devproject/marpmaker/lib/parser/DocumentParser.ts">
        <metrics statements="178" coveredstatements="165" conditionals="143" coveredconditionals="108" methods="16" coveredmethods="16"/>
        <line num="5" count="1" type="stmt"/>
        <line num="15" count="1" type="stmt"/>
        <line num="16" count="1" type="stmt"/>
        <line num="30" count="1" type="stmt"/>
        <line num="36" count="31" type="stmt"/>
        <line num="48" count="31" type="stmt"/>
        <line num="55" count="31" type="stmt"/>
        <line num="62" count="21" type="stmt"/>
        <line num="64" count="21" type="stmt"/>
        <line num="67" count="15" type="stmt"/>
        <line num="70" count="15" type="stmt"/>
        <line num="71" count="15" type="cond" truecount="1" falsecount="1"/>
        <line num="72" count="15" type="stmt"/>
        <line num="73" count="15" type="stmt"/>
        <line num="76" count="15" type="stmt"/>
        <line num="80" count="15" type="stmt"/>
        <line num="83" count="15" type="stmt"/>
        <line num="86" count="15" type="stmt"/>
        <line num="88" count="15" type="stmt"/>
        <line num="96" count="6" type="cond" truecount="1" falsecount="1"/>
        <line num="97" count="6" type="stmt"/>
        <line num="99" count="0" type="stmt"/>
        <line num="111" count="19" type="stmt"/>
        <line num="116" count="19" type="cond" truecount="1" falsecount="1"/>
        <line num="117" count="19" type="stmt"/>
        <line num="121" count="19" type="stmt"/>
        <line num="122" count="19" type="cond" truecount="2" falsecount="0"/>
        <line num="123" count="16" type="stmt"/>
        <line num="127" count="19" type="stmt"/>
        <line num="128" count="19" type="cond" truecount="2" falsecount="0"/>
        <line num="129" count="3" type="stmt"/>
        <line num="132" count="19" type="stmt"/>
        <line num="133" count="19" type="cond" truecount="2" falsecount="0"/>
        <line num="134" count="3" type="stmt"/>
        <line num="135" count="3" type="stmt"/>
        <line num="136" count="3" type="cond" truecount="1" falsecount="1"/>
        <line num="137" count="3" type="stmt"/>
        <line num="141" count="19" type="stmt"/>
        <line num="148" count="23" type="cond" truecount="2" falsecount="0"/>
        <line num="149" count="1" type="stmt"/>
        <line num="152" count="22" type="stmt"/>
        <line num="159" count="21" type="cond" truecount="4" falsecount="0"/>
        <line num="160" count="5" type="stmt"/>
        <line num="167" count="16" type="stmt"/>
        <line num="168" count="16" type="cond" truecount="2" falsecount="0"/>
        <line num="169" count="1" type="stmt"/>
        <line num="180" count="15" type="stmt"/>
        <line num="183" count="15" type="cond" truecount="4" falsecount="0"/>
        <line num="184" count="1" type="cond" truecount="1" falsecount="1"/>
        <line num="186" count="15" type="cond" truecount="4" falsecount="0"/>
        <line num="187" count="1" type="cond" truecount="1" falsecount="1"/>
        <line num="189" count="15" type="cond" truecount="4" falsecount="0"/>
        <line num="190" count="1" type="cond" truecount="1" falsecount="1"/>
        <line num="192" count="15" type="cond" truecount="5" falsecount="0"/>
        <line num="193" count="1" type="cond" truecount="1" falsecount="2"/>
        <line num="197" count="15" type="stmt"/>
        <line num="198" count="15" type="stmt"/>
        <line num="200" count="15" type="cond" truecount="2" falsecount="0"/>
        <line num="201" count="1" type="stmt"/>
        <line num="202" count="1" type="stmt"/>
        <line num="203" count="1" type="stmt"/>
        <line num="207" count="15" type="stmt"/>
        <line num="214" count="15" type="stmt"/>
        <line num="215" count="15" type="stmt"/>
        <line num="216" count="15" type="stmt"/>
        <line num="217" count="15" type="stmt"/>
        <line num="218" count="15" type="stmt"/>
        <line num="220" count="15" type="stmt"/>
        <line num="221" count="1287" type="stmt"/>
        <line num="224" count="1287" type="cond" truecount="2" falsecount="0"/>
        <line num="226" count="179" type="cond" truecount="2" falsecount="0"/>
        <line num="228" count="89" type="cond" truecount="2" falsecount="0"/>
        <line num="229" count="74" type="stmt"/>
        <line num="230" count="74" type="stmt"/>
        <line num="231" count="74" type="stmt"/>
        <line num="235" count="89" type="stmt"/>
        <line num="238" count="89" type="stmt"/>
        <line num="239" count="89" type="cond" truecount="3" falsecount="1"/>
        <line num="240" count="89" type="stmt"/>
        <line num="243" count="89" type="stmt"/>
        <line num="251" count="89" type="stmt"/>
        <line num="254" count="89" type="stmt"/>
        <line num="255" count="89" type="cond" truecount="2" falsecount="0"/>
        <line num="256" count="89" type="stmt"/>
        <line num="258" count="89" type="stmt"/>
        <line num="261" count="90" type="stmt"/>
        <line num="262" count="90" type="cond" truecount="1" falsecount="1"/>
        <line num="263" count="90" type="stmt"/>
        <line num="264" count="90" type="cond" truecount="2" falsecount="0"/>
        <line num="265" count="74" type="stmt"/>
        <line num="272" count="15" type="cond" truecount="1" falsecount="1"/>
        <line num="273" count="15" type="stmt"/>
        <line num="274" count="15" type="stmt"/>
        <line num="275" count="15" type="stmt"/>
        <line num="279" count="15" type="cond" truecount="2" falsecount="2"/>
        <line num="280" count="0" type="stmt"/>
        <line num="289" count="15" type="stmt"/>
        <line num="297" count="89" type="cond" truecount="2" falsecount="0"/>
        <line num="298" count="63" type="stmt"/>
        <line num="301" count="89" type="cond" truecount="2" falsecount="0"/>
        <line num="303" count="15" type="stmt"/>
        <line num="306" count="74" type="stmt"/>
        <line num="307" count="74" type="cond" truecount="2" falsecount="0"/>
        <line num="308" count="27" type="stmt"/>
        <line num="310" count="74" type="stmt"/>
        <line num="313" count="89" type="stmt"/>
        <line num="320" count="90" type="stmt"/>
        <line num="321" count="90" type="cond" truecount="1" falsecount="1"/>
        <line num="323" count="90" type="stmt"/>
        <line num="331" count="90" type="cond" truecount="6" falsecount="4"/>
        <line num="334" count="39" type="stmt"/>
        <line num="335" count="39" type="cond" truecount="3" falsecount="1"/>
        <line num="336" count="39" type="stmt"/>
        <line num="339" count="39" type="stmt"/>
        <line num="340" count="39" type="stmt"/>
        <line num="343" count="0" type="stmt"/>
        <line num="344" count="0" type="stmt"/>
        <line num="347" count="16" type="stmt"/>
        <line num="348" count="16" type="stmt"/>
        <line num="349" count="16" type="stmt"/>
        <line num="354" count="16" type="stmt"/>
        <line num="355" count="16" type="stmt"/>
        <line num="356" count="16" type="stmt"/>
        <line num="357" count="16" type="stmt"/>
        <line num="359" count="16" type="cond" truecount="2" falsecount="0"/>
        <line num="360" count="463" type="cond" truecount="2" falsecount="0"/>
        <line num="361" count="463" type="cond" truecount="2" falsecount="0"/>
        <line num="362" count="463" type="cond" truecount="2" falsecount="0"/>
        <line num="363" count="463" type="stmt"/>
        <line num="366" count="16" type="stmt"/>
        <line num="367" count="16" type="stmt"/>
        <line num="368" count="81" type="cond" truecount="2" falsecount="0"/>
        <line num="370" count="16" type="stmt"/>
        <line num="371" count="16" type="stmt"/>
        <line num="375" count="7" type="stmt"/>
        <line num="376" count="7" type="stmt"/>
        <line num="377" count="7" type="stmt"/>
        <line num="379" count="7" type="cond" truecount="2" falsecount="0"/>
        <line num="380" count="323" type="cond" truecount="1" falsecount="1"/>
        <line num="381" count="323" type="cond" truecount="2" falsecount="0"/>
        <line num="382" count="323" type="cond" truecount="2" falsecount="0"/>
        <line num="383" count="323" type="stmt"/>
        <line num="386" count="7" type="stmt"/>
        <line num="388" count="7" type="stmt"/>
        <line num="389" count="20" type="stmt"/>
        <line num="390" count="20" type="stmt"/>
        <line num="391" count="58" type="stmt"/>
        <line num="392" count="7" type="stmt"/>
        <line num="393" count="7" type="stmt"/>
        <line num="394" count="7" type="stmt"/>
        <line num="397" count="0" type="stmt"/>
        <line num="398" count="0" type="stmt"/>
        <line num="405" count="0" type="stmt"/>
        <line num="409" count="12" type="stmt"/>
        <line num="410" count="12" type="stmt"/>
        <line num="411" count="12" type="stmt"/>
        <line num="413" count="12" type="cond" truecount="2" falsecount="0"/>
        <line num="414" count="66" type="cond" truecount="1" falsecount="1"/>
        <line num="415" count="66" type="cond" truecount="2" falsecount="0"/>
        <line num="416" count="66" type="cond" truecount="4" falsecount="0"/>
        <line num="417" count="18" type="stmt"/>
        <line num="419" count="66" type="stmt"/>
        <line num="422" count="12" type="stmt"/>
        <line num="423" count="12" type="stmt"/>
        <line num="424" count="12" type="stmt"/>
        <line num="428" count="0" type="stmt"/>
        <line num="429" count="0" type="cond" truecount="0" falsecount="4"/>
        <line num="430" count="0" type="stmt"/>
        <line num="433" count="0" type="stmt"/>
        <line num="434" count="0" type="stmt"/>
        <line num="437" count="0" type="stmt"/>
        <line num="440" count="90" type="cond" truecount="1" falsecount="1"/>
        <line num="447" count="42" type="stmt"/>
        <line num="449" count="42" type="stmt"/>
        <line num="450" count="89" type="stmt"/>
        <line num="456" count="89" type="cond" truecount="4" falsecount="0"/>
        <line num="457" count="27" type="stmt"/>
        <line num="461" count="42" type="stmt"/>
      </file>
      <file name="index.ts" path="/Users/aninukas/Library/Mobile Documents/com~apple~CloudDocs/devproject/marpmaker/lib/parser/index.ts">
        <metrics statements="3" coveredstatements="0" conditionals="0" coveredconditionals="0" methods="4" coveredmethods="0"/>
        <line num="5" count="0" type="stmt"/>
        <line num="6" count="0" type="stmt"/>
        <line num="7" count="0" type="stmt"/>
      </file>
      <file name="types.ts" path="/Users/aninukas/Library/Mobile Documents/com~apple~CloudDocs/devproject/marpmaker/lib/parser/types.ts">
        <metrics statements="10" coveredstatements="10" conditionals="2" coveredconditionals="2" methods="2" coveredmethods="2"/>
        <line num="24" count="1" type="cond" truecount="2" falsecount="0"/>
        <line num="25" count="1" type="stmt"/>
        <line num="26" count="1" type="stmt"/>
        <line num="27" count="1" type="stmt"/>
        <line num="28" count="1" type="stmt"/>
        <line num="34" count="1" type="stmt"/>
        <line num="36" count="6" type="stmt"/>
        <line num="38" count="6" type="stmt"/>
        <line num="40" count="6" type="stmt"/>
        <line num="41" count="6" type="stmt"/>
      </file>
      <file name="utils.ts" path="/Users/aninukas/Library/Mobile Documents/com~apple~CloudDocs/devproject/marpmaker/lib/parser/utils.ts">
        <metrics statements="130" coveredstatements="122" conditionals="106" coveredconditionals="88" methods="11" coveredmethods="11"/>
        <line num="5" count="1" type="stmt"/>
        <line num="19" count="1" type="stmt"/>
        <line num="20" count="103" type="stmt"/>
        <line num="21" count="103" type="cond" truecount="1" falsecount="1"/>
        <line num="28" count="1" type="stmt"/>
        <line num="32" count="15" type="stmt"/>
        <line num="33" count="15" type="stmt"/>
        <line num="35" count="15" type="cond" truecount="2" falsecount="0"/>
        <line num="36" count="14" type="stmt"/>
        <line num="39" count="1" type="stmt"/>
        <line num="40" count="1" type="stmt"/>
        <line num="43" count="1" type="stmt"/>
        <line num="44" count="1" type="stmt"/>
        <line num="46" count="1" type="stmt"/>
        <line num="47" count="5" type="stmt"/>
        <line num="48" count="5" type="cond" truecount="1" falsecount="1"/>
        <line num="49" count="5" type="stmt"/>
        <line num="50" count="5" type="stmt"/>
        <line num="53" count="5" type="cond" truecount="4" falsecount="0"/>
        <line num="55" count="1" type="stmt"/>
        <line num="56" count="2" type="stmt"/>
        <line num="59" count="4" type="stmt"/>
        <line num="62" count="4" type="cond" truecount="4" falsecount="0"/>
        <line num="63" count="1" type="stmt"/>
        <line num="64" count="1" type="cond" truecount="1" falsecount="1"/>
        <line num="65" count="1" type="stmt"/>
        <line num="67" count="0" type="stmt"/>
        <line num="70" count="3" type="stmt"/>
        <line num="76" count="1" type="stmt"/>
        <line num="83" count="1" type="stmt"/>
        <line num="85" count="22" type="stmt"/>
        <line num="88" count="22" type="stmt"/>
        <line num="89" count="22" type="cond" truecount="2" falsecount="0"/>
        <line num="90" count="22" type="stmt"/>
        <line num="93" count="22" type="cond" truecount="2" falsecount="0"/>
        <line num="99" count="1" type="cond" truecount="0" falsecount="1"/>
        <line num="100" count="16" type="stmt"/>
        <line num="101" count="16" type="stmt"/>
        <line num="102" count="16" type="stmt"/>
        <line num="104" count="16" type="stmt"/>
        <line num="105" count="447" type="stmt"/>
        <line num="107" count="447" type="cond" truecount="4" falsecount="0"/>
        <line num="108" count="21" type="stmt"/>
        <line num="109" count="21" type="stmt"/>
        <line num="110" count="426" type="cond" truecount="4" falsecount="0"/>
        <line num="111" count="21" type="stmt"/>
        <line num="112" count="405" type="cond" truecount="2" falsecount="0"/>
        <line num="113" count="81" type="stmt"/>
        <line num="114" count="324" type="cond" truecount="5" falsecount="0"/>
        <line num="115" count="81" type="stmt"/>
        <line num="123" count="16" type="stmt"/>
        <line num="129" count="1" type="stmt"/>
        <line num="130" count="7" type="stmt"/>
        <line num="131" count="7" type="stmt"/>
        <line num="132" count="7" type="stmt"/>
        <line num="133" count="7" type="stmt"/>
        <line num="134" count="7" type="stmt"/>
        <line num="136" count="7" type="stmt"/>
        <line num="137" count="316" type="stmt"/>
        <line num="139" count="316" type="cond" truecount="2" falsecount="0"/>
        <line num="140" count="7" type="stmt"/>
        <line num="141" count="309" type="cond" truecount="2" falsecount="0"/>
        <line num="142" count="7" type="stmt"/>
        <line num="143" count="302" type="cond" truecount="2" falsecount="0"/>
        <line num="144" count="27" type="stmt"/>
        <line num="145" count="275" type="cond" truecount="4" falsecount="0"/>
        <line num="146" count="20" type="cond" truecount="1" falsecount="1"/>
        <line num="149" count="20" type="stmt"/>
        <line num="151" count="20" type="stmt"/>
        <line num="152" count="255" type="cond" truecount="4" falsecount="0"/>
        <line num="153" count="78" type="stmt"/>
        <line num="154" count="177" type="cond" truecount="5" falsecount="0"/>
        <line num="155" count="78" type="stmt"/>
        <line num="156" count="99" type="cond" truecount="4" falsecount="0"/>
        <line num="157" count="78" type="stmt"/>
        <line num="158" count="78" type="cond" truecount="4" falsecount="0"/>
        <line num="159" count="20" type="stmt"/>
        <line num="160" count="58" type="cond" truecount="1" falsecount="1"/>
        <line num="161" count="58" type="stmt"/>
        <line num="166" count="7" type="stmt"/>
        <line num="172" count="1" type="stmt"/>
        <line num="173" count="16" type="cond" truecount="2" falsecount="0"/>
        <line num="175" count="10" type="stmt"/>
        <line num="176" count="10" type="stmt"/>
        <line num="181" count="10" type="stmt"/>
        <line num="182" count="6" type="stmt"/>
        <line num="185" count="6" type="cond" truecount="3" falsecount="1"/>
        <line num="186" count="0" type="stmt"/>
        <line num="190" count="6" type="stmt"/>
        <line num="191" count="6" type="cond" truecount="1" falsecount="1"/>
        <line num="192" count="6" type="stmt"/>
        <line num="196" count="10" type="stmt"/>
        <line num="203" count="6" type="stmt"/>
        <line num="204" count="6" type="stmt"/>
        <line num="206" count="6" type="stmt"/>
        <line num="207" count="12" type="cond" truecount="2" falsecount="0"/>
        <line num="208" count="6" type="stmt"/>
        <line num="209" count="6" type="stmt"/>
        <line num="210" count="18" type="stmt"/>
        <line num="213" count="6" type="stmt"/>
        <line num="217" count="18" type="stmt"/>
        <line num="223" count="1" type="stmt"/>
        <line num="224" count="90" type="cond" truecount="6" falsecount="5"/>
        <line num="226" count="39" type="stmt"/>
        <line num="229" count="16" type="stmt"/>
        <line num="232" count="16" type="stmt"/>
        <line num="234" count="7" type="stmt"/>
        <line num="236" count="0" type="stmt"/>
        <line num="238" count="12" type="stmt"/>
        <line num="240" count="0" type="stmt"/>
        <line num="242" count="0" type="stmt"/>
        <line num="244" count="0" type="stmt"/>
        <line num="251" count="1" type="stmt"/>
        <line num="252" count="89" type="stmt"/>
        <line num="254" count="89" type="stmt"/>
        <line num="255" count="90" type="cond" truecount="5" falsecount="1"/>
        <line num="258" count="39" type="stmt"/>
        <line num="259" count="39" type="stmt"/>
        <line num="260" count="39" type="stmt"/>
        <line num="263" count="16" type="cond" truecount="7" falsecount="3"/>
        <line num="264" count="16" type="stmt"/>
        <line num="265" count="16" type="stmt"/>
        <line num="268" count="16" type="stmt"/>
        <line num="269" count="16" type="stmt"/>
        <line num="272" count="7" type="stmt"/>
        <line num="273" count="7" type="stmt"/>
        <line num="276" count="0" type="stmt"/>
        <line num="277" count="0" type="stmt"/>
        <line num="280" count="12" type="stmt"/>
        <line num="284" count="89" type="stmt"/>
      </file>
    </package>
    <package name="utils">
      <metrics statements="441" coveredstatements="0" conditionals="290" coveredconditionals="0" methods="64" coveredmethods="0"/>
      <file name="common.ts" path="/Users/aninukas/Library/Mobile Documents/com~apple~CloudDocs/devproject/marpmaker/lib/utils/common.ts">
        <metrics statements="138" coveredstatements="0" conditionals="92" coveredconditionals="0" methods="30" coveredmethods="0"/>
        <line num="8" count="0" type="stmt"/>
        <line num="17" count="0" type="cond" truecount="0" falsecount="1"/>
        <line num="18" count="0" type="stmt"/>
        <line num="19" count="0" type="cond" truecount="0" falsecount="2"/>
        <line num="28" count="0" type="stmt"/>
        <line num="29" count="0" type="stmt"/>
        <line num="30" count="0" type="stmt"/>
        <line num="31" count="0" type="stmt"/>
        <line num="32" count="0" type="cond" truecount="0" falsecount="2"/>
        <line num="42" count="0" type="stmt"/>
        <line num="46" count="0" type="cond" truecount="0" falsecount="4"/>
        <line num="50" count="0" type="cond" truecount="0" falsecount="2"/>
        <line num="51" count="0" type="stmt"/>
        <line num="54" count="0" type="cond" truecount="0" falsecount="5"/>
        <line num="56" count="0" type="stmt"/>
        <line num="59" count="0" type="stmt"/>
        <line num="66" count="0" type="stmt"/>
        <line num="74" count="0" type="stmt"/>
        <line num="77" count="0" type="stmt"/>
        <line num="85" count="0" type="stmt"/>
        <line num="86" count="0" type="stmt"/>
        <line num="87" count="0" type="stmt"/>
        <line num="88" count="0" type="stmt"/>
        <line num="89" count="0" type="stmt"/>
        <line num="90" count="0" type="stmt"/>
        <line num="92" count="0" type="cond" truecount="0" falsecount="2"/>
        <line num="93" count="0" type="stmt"/>
        <line num="94" count="0" type="cond" truecount="0" falsecount="2"/>
        <line num="95" count="0" type="cond" truecount="0" falsecount="2"/>
        <line num="96" count="0" type="cond" truecount="0" falsecount="2"/>
        <line num="97" count="0" type="cond" truecount="0" falsecount="2"/>
        <line num="98" count="0" type="cond" truecount="0" falsecount="2"/>
        <line num="99" count="0" type="cond" truecount="0" falsecount="2"/>
        <line num="101" count="0" type="stmt"/>
        <line num="113" count="0" type="stmt"/>
        <line num="118" count="0" type="cond" truecount="0" falsecount="4"/>
        <line num="119" count="0" type="stmt"/>
        <line num="122" count="0" type="stmt"/>
        <line num="123" count="0" type="cond" truecount="0" falsecount="2"/>
        <line num="124" count="0" type="stmt"/>
        <line num="127" count="0" type="stmt"/>
        <line num="136" count="0" type="stmt"/>
        <line num="137" count="0" type="stmt"/>
        <line num="151" count="0" type="stmt"/>
        <line num="152" count="0" type="stmt"/>
        <line num="161" count="0" type="stmt"/>
        <line num="162" count="0" type="cond" truecount="0" falsecount="4"/>
        <line num="163" count="0" type="stmt"/>
        <line num="166" count="0" type="cond" truecount="0" falsecount="2"/>
        <line num="167" count="0" type="stmt"/>
        <line num="170" count="0" type="cond" truecount="0" falsecount="2"/>
        <line num="171" count="0" type="stmt"/>
        <line num="174" count="0" type="cond" truecount="0" falsecount="2"/>
        <line num="175" count="0" type="stmt"/>
        <line num="176" count="0" type="stmt"/>
        <line num="177" count="0" type="cond" truecount="0" falsecount="2"/>
        <line num="178" count="0" type="stmt"/>
        <line num="181" count="0" type="stmt"/>
        <line num="184" count="0" type="stmt"/>
        <line num="194" count="0" type="stmt"/>
        <line num="195" count="0" type="cond" truecount="0" falsecount="2"/>
        <line num="197" count="0" type="stmt"/>
        <line num="198" count="0" type="cond" truecount="0" falsecount="2"/>
        <line num="200" count="0" type="stmt"/>
        <line num="201" count="0" type="stmt"/>
        <line num="202" count="0" type="stmt"/>
        <line num="204" count="0" type="cond" truecount="0" falsecount="4"/>
        <line num="205" count="0" type="stmt"/>
        <line num="207" count="0" type="stmt"/>
        <line num="211" count="0" type="stmt"/>
        <line num="221" count="0" type="stmt"/>
        <line num="227" count="0" type="stmt"/>
        <line num="228" count="0" type="stmt"/>
        <line num="229" count="0" type="stmt"/>
        <line num="240" count="0" type="stmt"/>
        <line num="244" count="0" type="stmt"/>
        <line num="246" count="0" type="stmt"/>
        <line num="247" count="0" type="cond" truecount="0" falsecount="2"/>
        <line num="248" count="0" type="stmt"/>
        <line num="249" count="0" type="stmt"/>
        <line num="250" count="0" type="stmt"/>
        <line num="251" count="0" type="stmt"/>
        <line num="265" count="0" type="stmt"/>
        <line num="272" count="0" type="stmt"/>
        <line num="273" count="0" type="stmt"/>
        <line num="274" count="0" type="stmt"/>
        <line num="276" count="0" type="stmt"/>
        <line num="278" count="0" type="cond" truecount="0" falsecount="2"/>
        <line num="279" count="0" type="stmt"/>
        <line num="280" count="0" type="stmt"/>
        <line num="285" count="0" type="stmt"/>
        <line num="293" count="0" type="stmt"/>
        <line num="294" count="0" type="stmt"/>
        <line num="300" count="0" type="stmt"/>
        <line num="301" count="0" type="cond" truecount="0" falsecount="3"/>
        <line num="307" count="0" type="stmt"/>
        <line num="308" count="0" type="cond" truecount="0" falsecount="2"/>
        <line num="314" count="0" type="stmt"/>
        <line num="315" count="0" type="cond" truecount="0" falsecount="3"/>
        <line num="321" count="0" type="stmt"/>
        <line num="322" count="0" type="cond" truecount="0" falsecount="2"/>
        <line num="328" count="0" type="stmt"/>
        <line num="329" count="0" type="cond" truecount="0" falsecount="4"/>
        <line num="343" count="0" type="stmt"/>
        <line num="344" count="0" type="stmt"/>
        <line num="345" count="0" type="stmt"/>
        <line num="347" count="0" type="stmt"/>
        <line num="359" count="0" type="stmt"/>
        <line num="364" count="0" type="stmt"/>
        <line num="365" count="0" type="stmt"/>
        <line num="367" count="0" type="stmt"/>
        <line num="368" count="0" type="cond" truecount="0" falsecount="5"/>
        <line num="369" count="0" type="stmt"/>
        <line num="371" count="0" type="stmt"/>
        <line num="374" count="0" type="stmt"/>
        <line num="384" count="0" type="stmt"/>
        <line num="385" count="0" type="stmt"/>
        <line num="386" count="0" type="stmt"/>
        <line num="387" count="0" type="stmt"/>
        <line num="389" count="0" type="stmt"/>
        <line num="390" count="0" type="cond" truecount="0" falsecount="4"/>
        <line num="391" count="0" type="stmt"/>
        <line num="393" count="0" type="stmt"/>
        <line num="396" count="0" type="stmt"/>
        <line num="405" count="0" type="stmt"/>
        <line num="406" count="0" type="stmt"/>
        <line num="408" count="0" type="stmt"/>
        <line num="409" count="0" type="stmt"/>
        <line num="410" count="0" type="stmt"/>
        <line num="411" count="0" type="stmt"/>
        <line num="414" count="0" type="stmt"/>
        <line num="424" count="0" type="cond" truecount="0" falsecount="1"/>
        <line num="425" count="0" type="cond" truecount="0" falsecount="2"/>
        <line num="427" count="0" type="stmt"/>
        <line num="428" count="0" type="cond" truecount="0" falsecount="2"/>
        <line num="429" count="0" type="stmt"/>
        <line num="431" count="0" type="stmt"/>
        <line num="433" count="0" type="stmt"/>
      </file>
      <file name="errors.ts" path="/Users/aninukas/Library/Mobile Documents/com~apple~CloudDocs/devproject/marpmaker/lib/utils/errors.ts">
        <metrics statements="69" coveredstatements="0" conditionals="33" coveredconditionals="0" methods="14" coveredmethods="0"/>
        <line num="11" count="0" type="cond" truecount="0" falsecount="2"/>
        <line num="13" count="0" type="stmt"/>
        <line num="14" count="0" type="stmt"/>
        <line num="15" count="0" type="stmt"/>
        <line num="16" count="0" type="stmt"/>
        <line num="19" count="0" type="stmt"/>
        <line num="20" count="0" type="stmt"/>
        <line num="21" count="0" type="stmt"/>
        <line num="22" count="0" type="stmt"/>
        <line num="23" count="0" type="stmt"/>
        <line num="26" count="0" type="stmt"/>
        <line num="27" count="0" type="stmt"/>
        <line num="28" count="0" type="stmt"/>
        <line num="34" count="0" type="cond" truecount="0" falsecount="2"/>
        <line num="35" count="0" type="stmt"/>
        <line num="36" count="0" type="stmt"/>
        <line num="37" count="0" type="stmt"/>
        <line num="38" count="0" type="stmt"/>
        <line num="56" count="0" type="stmt"/>
        <line num="68" count="0" type="stmt"/>
        <line num="69" count="0" type="stmt"/>
        <line num="70" count="0" type="stmt"/>
        <line num="71" count="0" type="stmt"/>
        <line num="72" count="0" type="stmt"/>
        <line num="73" count="0" type="stmt"/>
        <line num="76" count="0" type="cond" truecount="0" falsecount="2"/>
        <line num="77" count="0" type="stmt"/>
        <line num="85" count="0" type="stmt"/>
        <line num="99" count="0" type="stmt"/>
        <line num="101" count="0" type="stmt"/>
        <line num="107" count="0" type="stmt"/>
        <line num="114" count="0" type="stmt"/>
        <line num="116" count="0" type="stmt"/>
        <line num="122" count="0" type="stmt"/>
        <line num="129" count="0" type="stmt"/>
        <line num="130" count="0" type="cond" truecount="0" falsecount="2"/>
        <line num="131" count="0" type="stmt"/>
        <line num="135" count="0" type="stmt"/>
        <line num="150" count="0" type="stmt"/>
        <line num="154" count="0" type="stmt"/>
        <line num="155" count="0" type="stmt"/>
        <line num="162" count="0" type="cond" truecount="0" falsecount="2"/>
        <line num="163" count="0" type="cond" truecount="0" falsecount="4"/>
        <line num="165" count="0" type="stmt"/>
        <line num="166" count="0" type="stmt"/>
        <line num="168" count="0" type="stmt"/>
        <line num="169" count="0" type="stmt"/>
        <line num="171" count="0" type="stmt"/>
        <line num="172" count="0" type="stmt"/>
        <line num="174" count="0" type="stmt"/>
        <line num="175" count="0" type="stmt"/>
        <line num="178" count="0" type="stmt"/>
        <line num="185" count="0" type="stmt"/>
        <line num="189" count="0" type="stmt"/>
        <line num="190" count="0" type="cond" truecount="0" falsecount="6"/>
        <line num="197" count="0" type="stmt"/>
        <line num="201" count="0" type="stmt"/>
        <line num="202" count="0" type="stmt"/>
        <line num="203" count="0" type="stmt"/>
        <line num="205" count="0" type="cond" truecount="0" falsecount="2"/>
        <line num="206" count="0" type="stmt"/>
        <line num="208" count="0" type="stmt"/>
        <line num="210" count="0" type="stmt"/>
        <line num="218" count="0" type="stmt"/>
        <line num="223" count="0" type="cond" truecount="0" falsecount="2"/>
        <line num="224" count="0" type="stmt"/>
        <line num="231" count="0" type="stmt"/>
        <line num="235" count="0" type="cond" truecount="0" falsecount="4"/>
        <line num="236" count="0" type="stmt"/>
      </file>
      <file name="index.ts" path="/Users/aninukas/Library/Mobile Documents/com~apple~CloudDocs/devproject/marpmaker/lib/utils/index.ts">
        <metrics statements="5" coveredstatements="0" conditionals="0" coveredconditionals="0" methods="0" coveredmethods="0"/>
        <line num="8" count="0" type="stmt"/>
        <line num="11" count="0" type="stmt"/>
        <line num="14" count="0" type="stmt"/>
        <line num="17" count="0" type="stmt"/>
        <line num="22" count="0" type="stmt"/>
      </file>
      <file name="japanese.ts" path="/Users/aninukas/Library/Mobile Documents/com~apple~CloudDocs/devproject/marpmaker/lib/utils/japanese.ts">
        <metrics statements="110" coveredstatements="0" conditionals="98" coveredconditionals="0" methods="11" coveredmethods="0"/>
        <line num="11" count="0" type="stmt"/>
        <line num="16" count="0" type="stmt"/>
        <line num="21" count="0" type="stmt"/>
        <line num="34" count="0" type="stmt"/>
        <line num="35" count="0" type="cond" truecount="0" falsecount="4"/>
        <line num="36" count="0" type="stmt"/>
        <line num="39" count="0" type="stmt"/>
        <line num="40" count="0" type="stmt"/>
        <line num="41" count="0" type="stmt"/>
        <line num="43" count="0" type="stmt"/>
        <line num="44" count="0" type="stmt"/>
        <line num="45" count="0" type="cond" truecount="0" falsecount="2"/>
        <line num="48" count="0" type="cond" truecount="0" falsecount="2"/>
        <line num="50" count="0" type="cond" truecount="0" falsecount="2"/>
        <line num="52" count="0" type="stmt"/>
        <line num="53" count="0" type="cond" truecount="0" falsecount="4"/>
        <line num="55" count="0" type="stmt"/>
        <line num="56" count="0" type="stmt"/>
        <line num="57" count="0" type="stmt"/>
        <line num="58" count="0" type="stmt"/>
        <line num="60" count="0" type="stmt"/>
        <line num="61" count="0" type="stmt"/>
        <line num="62" count="0" type="stmt"/>
        <line num="65" count="0" type="stmt"/>
        <line num="66" count="0" type="stmt"/>
        <line num="70" count="0" type="cond" truecount="0" falsecount="2"/>
        <line num="71" count="0" type="stmt"/>
        <line num="72" count="0" type="stmt"/>
        <line num="73" count="0" type="stmt"/>
        <line num="77" count="0" type="cond" truecount="0" falsecount="2"/>
        <line num="78" count="0" type="stmt"/>
        <line num="81" count="0" type="stmt"/>
        <line num="92" count="0" type="stmt"/>
        <line num="95" count="0" type="cond" truecount="0" falsecount="4"/>
        <line num="96" count="0" type="stmt"/>
        <line num="100" count="0" type="cond" truecount="0" falsecount="6"/>
        <line num="102" count="0" type="stmt"/>
        <line num="106" count="0" type="stmt"/>
        <line num="115" count="0" type="stmt"/>
        <line num="116" count="0" type="cond" truecount="0" falsecount="2"/>
        <line num="118" count="0" type="stmt"/>
        <line num="120" count="0" type="stmt"/>
        <line num="121" count="0" type="stmt"/>
        <line num="122" count="0" type="cond" truecount="0" falsecount="2"/>
        <line num="123" count="0" type="cond" truecount="0" falsecount="2"/>
        <line num="125" count="0" type="stmt"/>
        <line num="128" count="0" type="cond" truecount="0" falsecount="2"/>
        <line num="129" count="0" type="stmt"/>
        <line num="133" count="0" type="stmt"/>
        <line num="141" count="0" type="cond" truecount="0" falsecount="4"/>
        <line num="142" count="0" type="stmt"/>
        <line num="144" count="0" type="cond" truecount="0" falsecount="4"/>
        <line num="145" count="0" type="stmt"/>
        <line num="149" count="0" type="cond" truecount="0" falsecount="4"/>
        <line num="150" count="0" type="stmt"/>
        <line num="152" count="0" type="cond" truecount="0" falsecount="4"/>
        <line num="153" count="0" type="stmt"/>
        <line num="156" count="0" type="stmt"/>
        <line num="163" count="0" type="stmt"/>
        <line num="164" count="0" type="cond" truecount="0" falsecount="4"/>
        <line num="172" count="0" type="stmt"/>
        <line num="173" count="0" type="cond" truecount="0" falsecount="2"/>
        <line num="180" count="0" type="stmt"/>
        <line num="181" count="0" type="cond" truecount="0" falsecount="6"/>
        <line num="193" count="0" type="stmt"/>
        <line num="198" count="0" type="cond" truecount="0" falsecount="2"/>
        <line num="199" count="0" type="stmt"/>
        <line num="203" count="0" type="stmt"/>
        <line num="206" count="0" type="cond" truecount="0" falsecount="2"/>
        <line num="207" count="0" type="stmt"/>
        <line num="210" count="0" type="stmt"/>
        <line num="217" count="0" type="cond" truecount="0" falsecount="2"/>
        <line num="219" count="0" type="stmt"/>
        <line num="220" count="0" type="stmt"/>
        <line num="221" count="0" type="cond" truecount="0" falsecount="2"/>
        <line num="222" count="0" type="stmt"/>
        <line num="226" count="0" type="stmt"/>
        <line num="235" count="0" type="stmt"/>
        <line num="236" count="0" type="cond" truecount="0" falsecount="2"/>
        <line num="238" count="0" type="stmt"/>
        <line num="239" count="0" type="stmt"/>
        <line num="241" count="0" type="stmt"/>
        <line num="242" count="0" type="stmt"/>
        <line num="243" count="0" type="cond" truecount="0" falsecount="2"/>
        <line num="244" count="0" type="stmt"/>
        <line num="245" count="0" type="stmt"/>
        <line num="248" count="0" type="stmt"/>
        <line num="251" count="0" type="stmt"/>
        <line num="252" count="0" type="cond" truecount="0" falsecount="4"/>
        <line num="254" count="0" type="stmt"/>
        <line num="255" count="0" type="cond" truecount="0" falsecount="2"/>
        <line num="256" count="0" type="stmt"/>
        <line num="257" count="0" type="stmt"/>
        <line num="262" count="0" type="cond" truecount="0" falsecount="2"/>
        <line num="263" count="0" type="stmt"/>
        <line num="264" count="0" type="cond" truecount="0" falsecount="4"/>
        <line num="266" count="0" type="stmt"/>
        <line num="267" count="0" type="stmt"/>
        <line num="271" count="0" type="stmt"/>
        <line num="274" count="0" type="stmt"/>
        <line num="285" count="0" type="stmt"/>
        <line num="297" count="0" type="stmt"/>
        <line num="299" count="0" type="stmt"/>
        <line num="302" count="0" type="cond" truecount="0" falsecount="2"/>
        <line num="303" count="0" type="stmt"/>
        <line num="307" count="0" type="cond" truecount="0" falsecount="2"/>
        <line num="308" count="0" type="stmt"/>
        <line num="312" count="0" type="cond" truecount="0" falsecount="2"/>
        <line num="313" count="0" type="stmt"/>
        <line num="316" count="0" type="stmt"/>
      </file>
      <file name="layout.ts" path="/Users/aninukas/Library/Mobile Documents/com~apple~CloudDocs/devproject/marpmaker/lib/utils/layout.ts">
        <metrics statements="119" coveredstatements="0" conditionals="67" coveredconditionals="0" methods="9" coveredmethods="0"/>
        <line num="51" count="0" type="stmt"/>
        <line num="60" count="0" type="stmt"/>
        <line num="63" count="0" type="cond" truecount="0" falsecount="5"/>
        <line num="64" count="0" type="stmt"/>
        <line num="68" count="0" type="stmt"/>
        <line num="69" count="0" type="stmt"/>
        <line num="70" count="0" type="stmt"/>
        <line num="72" count="0" type="stmt"/>
        <line num="73" count="0" type="stmt"/>
        <line num="75" count="0" type="cond" truecount="0" falsecount="2"/>
        <line num="76" count="0" type="stmt"/>
        <line num="77" count="0" type="stmt"/>
        <line num="79" count="0" type="stmt"/>
        <line num="83" count="0" type="stmt"/>
        <line num="96" count="0" type="stmt"/>
        <line num="97" count="0" type="stmt"/>
        <line num="100" count="0" type="stmt"/>
        <line num="101" count="0" type="stmt"/>
        <line num="103" count="0" type="stmt"/>
        <line num="110" count="0" type="cond" truecount="0" falsecount="2"/>
        <line num="112" count="0" type="stmt"/>
        <line num="113" count="0" type="stmt"/>
        <line num="115" count="0" type="stmt"/>
        <line num="116" count="0" type="cond" truecount="0" falsecount="2"/>
        <line num="117" count="0" type="stmt"/>
        <line num="118" count="0" type="stmt"/>
        <line num="122" count="0" type="stmt"/>
        <line num="123" count="0" type="stmt"/>
        <line num="124" count="0" type="stmt"/>
        <line num="127" count="0" type="stmt"/>
        <line num="130" count="0" type="stmt"/>
        <line num="137" count="0" type="stmt"/>
        <line num="140" count="0" type="cond" truecount="0" falsecount="4"/>
        <line num="141" count="0" type="stmt"/>
        <line num="145" count="0" type="cond" truecount="0" falsecount="6"/>
        <line num="146" count="0" type="stmt"/>
        <line num="149" count="0" type="stmt"/>
        <line num="160" count="0" type="stmt"/>
        <line num="165" count="0" type="cond" truecount="0" falsecount="4"/>
        <line num="166" count="0" type="stmt"/>
        <line num="169" count="0" type="cond" truecount="0" falsecount="2"/>
        <line num="170" count="0" type="stmt"/>
        <line num="174" count="0" type="cond" truecount="0" falsecount="2"/>
        <line num="177" count="0" type="stmt"/>
        <line num="178" count="0" type="stmt"/>
        <line num="179" count="0" type="stmt"/>
        <line num="182" count="0" type="stmt"/>
        <line num="183" count="0" type="stmt"/>
        <line num="184" count="0" type="stmt"/>
        <line num="186" count="0" type="stmt"/>
        <line num="187" count="0" type="stmt"/>
        <line num="188" count="0" type="stmt"/>
        <line num="191" count="0" type="cond" truecount="0" falsecount="4"/>
        <line num="193" count="0" type="cond" truecount="0" falsecount="2"/>
        <line num="194" count="0" type="stmt"/>
        <line num="195" count="0" type="stmt"/>
        <line num="196" count="0" type="stmt"/>
        <line num="199" count="0" type="stmt"/>
        <line num="200" count="0" type="stmt"/>
        <line num="203" count="0" type="stmt"/>
        <line num="204" count="0" type="stmt"/>
        <line num="209" count="0" type="cond" truecount="0" falsecount="2"/>
        <line num="210" count="0" type="stmt"/>
        <line num="214" count="0" type="stmt"/>
        <line num="215" count="0" type="stmt"/>
        <line num="218" count="0" type="stmt"/>
        <line num="228" count="0" type="stmt"/>
        <line num="233" count="0" type="stmt"/>
        <line num="237" count="0" type="stmt"/>
        <line num="241" count="0" type="stmt"/>
        <line num="242" count="0" type="stmt"/>
        <line num="243" count="0" type="stmt"/>
        <line num="246" count="0" type="cond" truecount="0" falsecount="2"/>
        <line num="247" count="0" type="stmt"/>
        <line num="254" count="0" type="stmt"/>
        <line num="257" count="0" type="stmt"/>
        <line num="274" count="0" type="stmt"/>
        <line num="278" count="0" type="stmt"/>
        <line num="282" count="0" type="stmt"/>
        <line num="287" count="0" type="stmt"/>
        <line num="299" count="0" type="stmt"/>
        <line num="305" count="0" type="stmt"/>
        <line num="307" count="0" type="cond" truecount="0" falsecount="4"/>
        <line num="308" count="0" type="stmt"/>
        <line num="314" count="0" type="cond" truecount="0" falsecount="4"/>
        <line num="315" count="0" type="stmt"/>
        <line num="321" count="0" type="cond" truecount="0" falsecount="4"/>
        <line num="323" count="0" type="stmt"/>
        <line num="324" count="0" type="stmt"/>
        <line num="325" count="0" type="stmt"/>
        <line num="327" count="0" type="stmt"/>
        <line num="333" count="0" type="stmt"/>
        <line num="345" count="0" type="stmt"/>
        <line num="367" count="0" type="stmt"/>
        <line num="370" count="0" type="stmt"/>
        <line num="371" count="0" type="stmt"/>
        <line num="372" count="0" type="stmt"/>
        <line num="374" count="0" type="stmt"/>
        <line num="375" count="0" type="stmt"/>
        <line num="378" count="0" type="stmt"/>
        <line num="379" count="0" type="stmt"/>
        <line num="381" count="0" type="stmt"/>
        <line num="382" count="0" type="stmt"/>
        <line num="385" count="0" type="cond" truecount="0" falsecount="4"/>
        <line num="386" count="0" type="stmt"/>
        <line num="390" count="0" type="stmt"/>
        <line num="391" count="0" type="stmt"/>
        <line num="393" count="0" type="stmt"/>
        <line num="394" count="0" type="stmt"/>
        <line num="396" count="0" type="stmt"/>
        <line num="398" count="0" type="cond" truecount="0" falsecount="2"/>
        <line num="399" count="0" type="stmt"/>
        <line num="400" count="0" type="stmt"/>
        <line num="401" count="0" type="stmt"/>
        <line num="406" count="0" type="stmt"/>
        <line num="407" count="0" type="stmt"/>
        <line num="409" count="0" type="stmt"/>
        <line num="410" count="0" type="stmt"/>
        <line num="412" count="0" type="stmt"/>
      </file>
    </package>
  </project>
</coverage>
