{"/Users/aninukas/Library/Mobile Documents/com~apple~CloudDocs/devproject/marpmaker/lib/parser/DocumentParser.ts": {"path":"/Users/aninukas/Library/Mobile Documents/com~apple~CloudDocs/devproject/marpmaker/lib/parser/DocumentParser.ts","statementMap":{"0":{"start":{"line":5,"column":0},"end":{"line":5,"column":37}},"1":{"start":{"line":15,"column":0},"end":{"line":15,"column":70}},"2":{"start":{"line":16,"column":0},"end":{"line":16,"column":null}},"3":{"start":{"line":36,"column":4},"end":{"line":45,"column":6}},"4":{"start":{"line":48,"column":4},"end":{"line":52,"column":7}},"5":{"start":{"line":55,"column":4},"end":{"line":55,"column":28}},"6":{"start":{"line":62,"column":4},"end":{"line":104,"column":5}},"7":{"start":{"line":64,"column":6},"end":{"line":64,"column":34}},"8":{"start":{"line":67,"column":23},"end":{"line":67,"column":52}},"9":{"start":{"line":70,"column":29},"end":{"line":70,"column":36}},"10":{"start":{"line":71,"column":6},"end":{"line":77,"column":7}},"11":{"start":{"line":72,"column":68},"end":{"line":72,"column":95}},"12":{"start":{"line":73,"column":8},"end":{"line":73,"column":53}},"13":{"start":{"line":76,"column":8},"end":{"line":76,"column":78}},"14":{"start":{"line":80,"column":21},"end":{"line":80,"column":56}},"15":{"start":{"line":83,"column":23},"end":{"line":83,"column":49}},"16":{"start":{"line":86,"column":30},"end":{"line":86,"column":68}},"17":{"start":{"line":88,"column":6},"end":{"line":94,"column":8}},"18":{"start":{"line":96,"column":6},"end":{"line":98,"column":7}},"19":{"start":{"line":97,"column":8},"end":{"line":97,"column":20}},"20":{"start":{"line":99,"column":6},"end":{"line":103,"column":8}},"21":{"start":{"line":111,"column":39},"end":{"line":113,"column":6}},"22":{"start":{"line":116,"column":4},"end":{"line":118,"column":5}},"23":{"start":{"line":117,"column":6},"end":{"line":117,"column":55}},"24":{"start":{"line":121,"column":23},"end":{"line":121,"column":51}},"25":{"start":{"line":122,"column":4},"end":{"line":124,"column":5}},"26":{"start":{"line":123,"column":6},"end":{"line":123,"column":44}},"27":{"start":{"line":127,"column":24},"end":{"line":127,"column":70}},"28":{"start":{"line":128,"column":4},"end":{"line":130,"column":5}},"29":{"start":{"line":129,"column":6},"end":{"line":129,"column":46}},"30":{"start":{"line":132,"column":22},"end":{"line":132,"column":66}},"31":{"start":{"line":133,"column":4},"end":{"line":139,"column":5}},"32":{"start":{"line":134,"column":22},"end":{"line":134,"column":41}},"33":{"start":{"line":135,"column":19},"end":{"line":135,"column":36}},"34":{"start":{"line":136,"column":6},"end":{"line":138,"column":7}},"35":{"start":{"line":137,"column":8},"end":{"line":137,"column":29}},"36":{"start":{"line":141,"column":4},"end":{"line":141,"column":20}},"37":{"start":{"line":148,"column":4},"end":{"line":150,"column":5}},"38":{"start":{"line":149,"column":6},"end":{"line":149,"column":42}},"39":{"start":{"line":152,"column":4},"end":{"line":152,"column":46}},"40":{"start":{"line":159,"column":4},"end":{"line":164,"column":5}},"41":{"start":{"line":160,"column":6},"end":{"line":163,"column":8}},"42":{"start":{"line":167,"column":24},"end":{"line":167,"column":64}},"43":{"start":{"line":168,"column":4},"end":{"line":173,"column":5}},"44":{"start":{"line":169,"column":6},"end":{"line":172,"column":8}},"45":{"start":{"line":180,"column":48},"end":{"line":180,"column":50}},"46":{"start":{"line":183,"column":4},"end":{"line":185,"column":5}},"47":{"start":{"line":184,"column":6},"end":{"line":184,"column":64}},"48":{"start":{"line":186,"column":4},"end":{"line":188,"column":5}},"49":{"start":{"line":187,"column":6},"end":{"line":187,"column":64}},"50":{"start":{"line":189,"column":4},"end":{"line":191,"column":5}},"51":{"start":{"line":190,"column":6},"end":{"line":190,"column":60}},"52":{"start":{"line":192,"column":4},"end":{"line":194,"column":5}},"53":{"start":{"line":193,"column":6},"end":{"line":193,"column":88}},"54":{"start":{"line":197,"column":24},"end":{"line":197,"column":97}},"55":{"start":{"line":198,"column":25},"end":{"line":198,"column":91}},"56":{"start":{"line":198,"column":64},"end":{"line":198,"column":90}},"57":{"start":{"line":200,"column":4},"end":{"line":205,"column":5}},"58":{"start":{"line":201,"column":6},"end":{"line":201,"column":27}},"59":{"start":{"line":202,"column":6},"end":{"line":204,"column":7}},"60":{"start":{"line":203,"column":8},"end":{"line":203,"column":52}},"61":{"start":{"line":207,"column":4},"end":{"line":207,"column":20}},"62":{"start":{"line":214,"column":32},"end":{"line":214,"column":34}},"63":{"start":{"line":215,"column":36},"end":{"line":215,"column":38}},"64":{"start":{"line":216,"column":41},"end":{"line":216,"column":45}},"65":{"start":{"line":217,"column":40},"end":{"line":217,"column":42}},"66":{"start":{"line":218,"column":20},"end":{"line":218,"column":22}},"67":{"start":{"line":220,"column":4},"end":{"line":269,"column":5}},"68":{"start":{"line":220,"column":17},"end":{"line":220,"column":18}},"69":{"start":{"line":221,"column":20},"end":{"line":221,"column":29}},"70":{"start":{"line":224,"column":6},"end":{"line":224,"column":34}},"71":{"start":{"line":224,"column":25},"end":{"line":224,"column":34}},"72":{"start":{"line":226,"column":6},"end":{"line":268,"column":7}},"73":{"start":{"line":228,"column":8},"end":{"line":232,"column":9}},"74":{"start":{"line":229,"column":10},"end":{"line":229,"column":49}},"75":{"start":{"line":230,"column":10},"end":{"line":230,"column":91}},"76":{"start":{"line":231,"column":10},"end":{"line":231,"column":77}},"77":{"start":{"line":235,"column":22},"end":{"line":235,"column":50}},"78":{"start":{"line":238,"column":27},"end":{"line":238,"column":29}},"79":{"start":{"line":239,"column":8},"end":{"line":241,"column":9}},"80":{"start":{"line":240,"column":10},"end":{"line":240,"column":47}},"81":{"start":{"line":243,"column":8},"end":{"line":249,"column":10}},"82":{"start":{"line":251,"column":8},"end":{"line":251,"column":27}},"83":{"start":{"line":254,"column":16},"end":{"line":254,"column":21}},"84":{"start":{"line":255,"column":8},"end":{"line":257,"column":9}},"85":{"start":{"line":256,"column":10},"end":{"line":256,"column":14}},"86":{"start":{"line":258,"column":8},"end":{"line":258,"column":26}},"87":{"start":{"line":261,"column":23},"end":{"line":261,"column":63}},"88":{"start":{"line":262,"column":8},"end":{"line":267,"column":9}},"89":{"start":{"line":263,"column":10},"end":{"line":263,"column":43}},"90":{"start":{"line":264,"column":10},"end":{"line":266,"column":11}},"91":{"start":{"line":265,"column":12},"end":{"line":265,"column":38}},"92":{"start":{"line":272,"column":4},"end":{"line":276,"column":5}},"93":{"start":{"line":273,"column":6},"end":{"line":273,"column":45}},"94":{"start":{"line":274,"column":6},"end":{"line":274,"column":87}},"95":{"start":{"line":275,"column":6},"end":{"line":275,"column":73}},"96":{"start":{"line":279,"column":4},"end":{"line":287,"column":5}},"97":{"start":{"line":280,"column":6},"end":{"line":286,"column":9}},"98":{"start":{"line":289,"column":4},"end":{"line":289,"column":20}},"99":{"start":{"line":297,"column":4},"end":{"line":299,"column":5}},"100":{"start":{"line":298,"column":6},"end":{"line":298,"column":18}},"101":{"start":{"line":301,"column":4},"end":{"line":311,"column":5}},"102":{"start":{"line":303,"column":6},"end":{"line":303,"column":29}},"103":{"start":{"line":306,"column":21},"end":{"line":306,"column":44}},"104":{"start":{"line":307,"column":6},"end":{"line":309,"column":7}},"105":{"start":{"line":308,"column":8},"end":{"line":308,"column":32}},"106":{"start":{"line":310,"column":6},"end":{"line":310,"column":39}},"107":{"start":{"line":313,"column":4},"end":{"line":313,"column":24}},"108":{"start":{"line":320,"column":22},"end":{"line":320,"column":41}},"109":{"start":{"line":321,"column":4},"end":{"line":321,"column":32}},"110":{"start":{"line":321,"column":20},"end":{"line":321,"column":32}},"111":{"start":{"line":323,"column":32},"end":{"line":327,"column":6}},"112":{"start":{"line":331,"column":4},"end":{"line":438,"column":5}},"113":{"start":{"line":334,"column":28},"end":{"line":334,"column":45}},"114":{"start":{"line":335,"column":8},"end":{"line":337,"column":9}},"115":{"start":{"line":336,"column":10},"end":{"line":336,"column":46}},"116":{"start":{"line":339,"column":8},"end":{"line":339,"column":27}},"117":{"start":{"line":340,"column":8},"end":{"line":340,"column":14}},"118":{"start":{"line":343,"column":8},"end":{"line":343,"column":38}},"119":{"start":{"line":344,"column":8},"end":{"line":344,"column":14}},"120":{"start":{"line":347,"column":8},"end":{"line":347,"column":38}},"121":{"start":{"line":348,"column":8},"end":{"line":348,"column":62}},"122":{"start":{"line":349,"column":8},"end":{"line":349,"column":14}},"123":{"start":{"line":354,"column":30},"end":{"line":354,"column":64}},"124":{"start":{"line":355,"column":34},"end":{"line":355,"column":36}},"125":{"start":{"line":356,"column":16},"end":{"line":356,"column":25}},"126":{"start":{"line":357,"column":20},"end":{"line":357,"column":21}},"127":{"start":{"line":359,"column":8},"end":{"line":364,"column":9}},"128":{"start":{"line":360,"column":10},"end":{"line":360,"column":53}},"129":{"start":{"line":360,"column":45},"end":{"line":360,"column":53}},"130":{"start":{"line":361,"column":10},"end":{"line":361,"column":80}},"131":{"start":{"line":361,"column":72},"end":{"line":361,"column":80}},"132":{"start":{"line":362,"column":10},"end":{"line":362,"column":52}},"133":{"start":{"line":362,"column":25},"end":{"line":362,"column":52}},"134":{"start":{"line":363,"column":10},"end":{"line":363,"column":14}},"135":{"start":{"line":366,"column":8},"end":{"line":366,"column":78}},"136":{"start":{"line":367,"column":8},"end":{"line":369,"column":22}},"137":{"start":{"line":368,"column":23},"end":{"line":368,"column":95}},"138":{"start":{"line":370,"column":8},"end":{"line":370,"column":19}},"139":{"start":{"line":371,"column":8},"end":{"line":371,"column":14}},"140":{"start":{"line":375,"column":35},"end":{"line":375,"column":37}},"141":{"start":{"line":376,"column":16},"end":{"line":376,"column":25}},"142":{"start":{"line":377,"column":25},"end":{"line":377,"column":26}},"143":{"start":{"line":379,"column":8},"end":{"line":384,"column":9}},"144":{"start":{"line":380,"column":10},"end":{"line":380,"column":60}},"145":{"start":{"line":380,"column":47},"end":{"line":380,"column":60}},"146":{"start":{"line":381,"column":10},"end":{"line":381,"column":61}},"147":{"start":{"line":381,"column":48},"end":{"line":381,"column":61}},"148":{"start":{"line":382,"column":10},"end":{"line":382,"column":58}},"149":{"start":{"line":382,"column":30},"end":{"line":382,"column":58}},"150":{"start":{"line":383,"column":10},"end":{"line":383,"column":14}},"151":{"start":{"line":386,"column":8},"end":{"line":386,"column":56}},"152":{"start":{"line":388,"column":34},"end":{"line":388,"column":55}},"153":{"start":{"line":389,"column":26},"end":{"line":389,"column":65}},"154":{"start":{"line":389,"column":43},"end":{"line":389,"column":52}},"155":{"start":{"line":390,"column":26},"end":{"line":390,"column":62}},"156":{"start":{"line":390,"column":44},"end":{"line":390,"column":49}},"157":{"start":{"line":391,"column":25},"end":{"line":391,"column":94}},"158":{"start":{"line":391,"column":41},"end":{"line":391,"column":82}},"159":{"start":{"line":391,"column":57},"end":{"line":391,"column":69}},"160":{"start":{"line":392,"column":8},"end":{"line":392,"column":84}},"161":{"start":{"line":393,"column":8},"end":{"line":393,"column":19}},"162":{"start":{"line":394,"column":8},"end":{"line":394,"column":14}},"163":{"start":{"line":397,"column":8},"end":{"line":397,"column":38}},"164":{"start":{"line":398,"column":8},"end":{"line":404,"column":10}},"165":{"start":{"line":405,"column":8},"end":{"line":405,"column":14}},"166":{"start":{"line":409,"column":35},"end":{"line":409,"column":37}},"167":{"start":{"line":410,"column":16},"end":{"line":410,"column":25}},"168":{"start":{"line":411,"column":25},"end":{"line":411,"column":26}},"169":{"start":{"line":413,"column":8},"end":{"line":420,"column":9}},"170":{"start":{"line":414,"column":10},"end":{"line":414,"column":65}},"171":{"start":{"line":414,"column":52},"end":{"line":414,"column":65}},"172":{"start":{"line":415,"column":10},"end":{"line":415,"column":66}},"173":{"start":{"line":415,"column":53},"end":{"line":415,"column":66}},"174":{"start":{"line":416,"column":10},"end":{"line":418,"column":11}},"175":{"start":{"line":417,"column":12},"end":{"line":417,"column":48}},"176":{"start":{"line":419,"column":10},"end":{"line":419,"column":14}},"177":{"start":{"line":422,"column":8},"end":{"line":422,"column":47}},"178":{"start":{"line":423,"column":8},"end":{"line":423,"column":19}},"179":{"start":{"line":424,"column":8},"end":{"line":424,"column":14}},"180":{"start":{"line":428,"column":30},"end":{"line":428,"column":47}},"181":{"start":{"line":429,"column":8},"end":{"line":431,"column":9}},"182":{"start":{"line":430,"column":10},"end":{"line":430,"column":48}},"183":{"start":{"line":433,"column":8},"end":{"line":433,"column":27}},"184":{"start":{"line":434,"column":8},"end":{"line":434,"column":14}},"185":{"start":{"line":437,"column":8},"end":{"line":437,"column":20}},"186":{"start":{"line":440,"column":4},"end":{"line":440,"column":52}},"187":{"start":{"line":447,"column":28},"end":{"line":447,"column":30}},"188":{"start":{"line":449,"column":4},"end":{"line":459,"column":5}},"189":{"start":{"line":450,"column":6},"end":{"line":454,"column":9}},"190":{"start":{"line":456,"column":6},"end":{"line":458,"column":7}},"191":{"start":{"line":457,"column":8},"end":{"line":457,"column":101}},"192":{"start":{"line":461,"column":4},"end":{"line":461,"column":15}},"193":{"start":{"line":30,"column":0},"end":{"line":30,"column":13}}},"fnMap":{"0":{"name":"(anonymous_1)","decl":{"start":{"line":34,"column":2},"end":{"line":34,"column":14}},"loc":{"start":{"line":34,"column":37},"end":{"line":56,"column":3}}},"1":{"name":"(anonymous_2)","decl":{"start":{"line":61,"column":2},"end":{"line":61,"column":7}},"loc":{"start":{"line":61,"column":44},"end":{"line":105,"column":3}}},"2":{"name":"(anonymous_3)","decl":{"start":{"line":110,"column":2},"end":{"line":110,"column":17}},"loc":{"start":{"line":110,"column":33},"end":{"line":142,"column":3}}},"3":{"name":"(anonymous_4)","decl":{"start":{"line":147,"column":2},"end":{"line":147,"column":16}},"loc":{"start":{"line":147,"column":32},"end":{"line":153,"column":3}}},"4":{"name":"(anonymous_5)","decl":{"start":{"line":158,"column":10},"end":{"line":158,"column":23}},"loc":{"start":{"line":158,"column":39},"end":{"line":174,"column":3}}},"5":{"name":"(anonymous_6)","decl":{"start":{"line":179,"column":10},"end":{"line":179,"column":36}},"loc":{"start":{"line":179,"column":69},"end":{"line":208,"column":3}}},"6":{"name":"(anonymous_7)","decl":{"start":{"line":198,"column":57},"end":{"line":198,"column":60}},"loc":{"start":{"line":198,"column":64},"end":{"line":198,"column":90}}},"7":{"name":"(anonymous_8)","decl":{"start":{"line":213,"column":10},"end":{"line":213,"column":23}},"loc":{"start":{"line":213,"column":37},"end":{"line":290,"column":3}}},"8":{"name":"(anonymous_9)","decl":{"start":{"line":295,"column":10},"end":{"line":295,"column":31}},"loc":{"start":{"line":295,"column":87},"end":{"line":314,"column":3}}},"9":{"name":"(anonymous_10)","decl":{"start":{"line":319,"column":10},"end":{"line":319,"column":27}},"loc":{"start":{"line":319,"column":68},"end":{"line":441,"column":3}}},"10":{"name":"(anonymous_11)","decl":{"start":{"line":368,"column":15},"end":{"line":368,"column":19}},"loc":{"start":{"line":368,"column":23},"end":{"line":368,"column":95}}},"11":{"name":"(anonymous_12)","decl":{"start":{"line":389,"column":38},"end":{"line":389,"column":39}},"loc":{"start":{"line":389,"column":43},"end":{"line":389,"column":52}}},"12":{"name":"(anonymous_13)","decl":{"start":{"line":390,"column":38},"end":{"line":390,"column":41}},"loc":{"start":{"line":390,"column":44},"end":{"line":390,"column":49}}},"13":{"name":"(anonymous_14)","decl":{"start":{"line":391,"column":34},"end":{"line":391,"column":37}},"loc":{"start":{"line":391,"column":41},"end":{"line":391,"column":82}}},"14":{"name":"(anonymous_15)","decl":{"start":{"line":391,"column":49},"end":{"line":391,"column":53}},"loc":{"start":{"line":391,"column":57},"end":{"line":391,"column":69}}},"15":{"name":"(anonymous_16)","decl":{"start":{"line":446,"column":10},"end":{"line":446,"column":33}},"loc":{"start":{"line":446,"column":85},"end":{"line":462,"column":3}}}},"branchMap":{"0":{"loc":{"start":{"line":71,"column":6},"end":{"line":77,"column":7}},"type":"if","locations":[{"start":{"line":71,"column":6},"end":{"line":77,"column":7}},{"start":{},"end":{}}]},"1":{"loc":{"start":{"line":89,"column":20},"end":{"line":89,"column":51}},"type":"binary-expr","locations":[{"start":{"line":89,"column":20},"end":{"line":89,"column":30}},{"start":{"line":89,"column":34},"end":{"line":89,"column":51}}]},"2":{"loc":{"start":{"line":96,"column":6},"end":{"line":98,"column":7}},"type":"if","locations":[{"start":{"line":96,"column":6},"end":{"line":98,"column":7}},{"start":{},"end":{}}]},"3":{"loc":{"start":{"line":101,"column":37},"end":{"line":101,"column":93}},"type":"cond-expr","locations":[{"start":{"line":101,"column":62},"end":{"line":101,"column":75}},{"start":{"line":101,"column":78},"end":{"line":101,"column":93}}]},"4":{"loc":{"start":{"line":116,"column":4},"end":{"line":118,"column":5}},"type":"if","locations":[{"start":{"line":116,"column":4},"end":{"line":118,"column":5}},{"start":{},"end":{}}]},"5":{"loc":{"start":{"line":122,"column":4},"end":{"line":124,"column":5}},"type":"if","locations":[{"start":{"line":122,"column":4},"end":{"line":124,"column":5}},{"start":{},"end":{}}]},"6":{"loc":{"start":{"line":128,"column":4},"end":{"line":130,"column":5}},"type":"if","locations":[{"start":{"line":128,"column":4},"end":{"line":130,"column":5}},{"start":{},"end":{}}]},"7":{"loc":{"start":{"line":133,"column":4},"end":{"line":139,"column":5}},"type":"if","locations":[{"start":{"line":133,"column":4},"end":{"line":139,"column":5}},{"start":{},"end":{}}]},"8":{"loc":{"start":{"line":136,"column":6},"end":{"line":138,"column":7}},"type":"if","locations":[{"start":{"line":136,"column":6},"end":{"line":138,"column":7}},{"start":{},"end":{}}]},"9":{"loc":{"start":{"line":148,"column":4},"end":{"line":150,"column":5}},"type":"if","locations":[{"start":{"line":148,"column":4},"end":{"line":150,"column":5}},{"start":{},"end":{}}]},"10":{"loc":{"start":{"line":159,"column":4},"end":{"line":164,"column":5}},"type":"if","locations":[{"start":{"line":159,"column":4},"end":{"line":164,"column":5}},{"start":{},"end":{}}]},"11":{"loc":{"start":{"line":159,"column":8},"end":{"line":159,"column":47}},"type":"binary-expr","locations":[{"start":{"line":159,"column":8},"end":{"line":159,"column":16}},{"start":{"line":159,"column":20},"end":{"line":159,"column":47}}]},"12":{"loc":{"start":{"line":168,"column":4},"end":{"line":173,"column":5}},"type":"if","locations":[{"start":{"line":168,"column":4},"end":{"line":173,"column":5}},{"start":{},"end":{}}]},"13":{"loc":{"start":{"line":183,"column":4},"end":{"line":185,"column":5}},"type":"if","locations":[{"start":{"line":183,"column":4},"end":{"line":185,"column":5}},{"start":{},"end":{}}]},"14":{"loc":{"start":{"line":183,"column":8},"end":{"line":183,"column":48}},"type":"binary-expr","locations":[{"start":{"line":183,"column":8},"end":{"line":183,"column":25}},{"start":{"line":183,"column":29},"end":{"line":183,"column":48}}]},"15":{"loc":{"start":{"line":184,"column":23},"end":{"line":184,"column":63}},"type":"binary-expr","locations":[{"start":{"line":184,"column":23},"end":{"line":184,"column":40}},{"start":{"line":184,"column":44},"end":{"line":184,"column":63}}]},"16":{"loc":{"start":{"line":186,"column":4},"end":{"line":188,"column":5}},"type":"if","locations":[{"start":{"line":186,"column":4},"end":{"line":188,"column":5}},{"start":{},"end":{}}]},"17":{"loc":{"start":{"line":186,"column":8},"end":{"line":186,"column":47}},"type":"binary-expr","locations":[{"start":{"line":186,"column":8},"end":{"line":186,"column":26}},{"start":{"line":186,"column":30},"end":{"line":186,"column":47}}]},"18":{"loc":{"start":{"line":187,"column":24},"end":{"line":187,"column":63}},"type":"binary-expr","locations":[{"start":{"line":187,"column":24},"end":{"line":187,"column":42}},{"start":{"line":187,"column":46},"end":{"line":187,"column":63}}]},"19":{"loc":{"start":{"line":189,"column":4},"end":{"line":191,"column":5}},"type":"if","locations":[{"start":{"line":189,"column":4},"end":{"line":191,"column":5}},{"start":{},"end":{}}]},"20":{"loc":{"start":{"line":189,"column":8},"end":{"line":189,"column":45}},"type":"binary-expr","locations":[{"start":{"line":189,"column":8},"end":{"line":189,"column":24}},{"start":{"line":189,"column":28},"end":{"line":189,"column":45}}]},"21":{"loc":{"start":{"line":190,"column":22},"end":{"line":190,"column":59}},"type":"binary-expr","locations":[{"start":{"line":190,"column":22},"end":{"line":190,"column":38}},{"start":{"line":190,"column":42},"end":{"line":190,"column":59}}]},"22":{"loc":{"start":{"line":192,"column":4},"end":{"line":194,"column":5}},"type":"if","locations":[{"start":{"line":192,"column":4},"end":{"line":194,"column":5}},{"start":{},"end":{}}]},"23":{"loc":{"start":{"line":192,"column":8},"end":{"line":192,"column":69}},"type":"binary-expr","locations":[{"start":{"line":192,"column":8},"end":{"line":192,"column":28}},{"start":{"line":192,"column":32},"end":{"line":192,"column":48}},{"start":{"line":192,"column":52},"end":{"line":192,"column":69}}]},"24":{"loc":{"start":{"line":193,"column":26},"end":{"line":193,"column":87}},"type":"binary-expr","locations":[{"start":{"line":193,"column":26},"end":{"line":193,"column":46}},{"start":{"line":193,"column":50},"end":{"line":193,"column":66}},{"start":{"line":193,"column":70},"end":{"line":193,"column":87}}]},"25":{"loc":{"start":{"line":200,"column":4},"end":{"line":205,"column":5}},"type":"if","locations":[{"start":{"line":200,"column":4},"end":{"line":205,"column":5}},{"start":{},"end":{}}]},"26":{"loc":{"start":{"line":224,"column":6},"end":{"line":224,"column":34}},"type":"if","locations":[{"start":{"line":224,"column":6},"end":{"line":224,"column":34}},{"start":{},"end":{}}]},"27":{"loc":{"start":{"line":226,"column":6},"end":{"line":268,"column":7}},"type":"if","locations":[{"start":{"line":226,"column":6},"end":{"line":268,"column":7}},{"start":{"line":259,"column":13},"end":{"line":268,"column":7}}]},"28":{"loc":{"start":{"line":228,"column":8},"end":{"line":232,"column":9}},"type":"if","locations":[{"start":{"line":228,"column":8},"end":{"line":232,"column":9}},{"start":{},"end":{}}]},"29":{"loc":{"start":{"line":239,"column":8},"end":{"line":241,"column":9}},"type":"if","locations":[{"start":{"line":239,"column":8},"end":{"line":241,"column":9}},{"start":{},"end":{}}]},"30":{"loc":{"start":{"line":239,"column":12},"end":{"line":239,"column":68}},"type":"binary-expr","locations":[{"start":{"line":239,"column":12},"end":{"line":239,"column":33}},{"start":{"line":239,"column":37},"end":{"line":239,"column":68}}]},"31":{"loc":{"start":{"line":255,"column":15},"end":{"line":255,"column":70}},"type":"binary-expr","locations":[{"start":{"line":255,"column":15},"end":{"line":255,"column":32}},{"start":{"line":255,"column":36},"end":{"line":255,"column":70}}]},"32":{"loc":{"start":{"line":262,"column":8},"end":{"line":267,"column":9}},"type":"if","locations":[{"start":{"line":262,"column":8},"end":{"line":267,"column":9}},{"start":{},"end":{}}]},"33":{"loc":{"start":{"line":264,"column":10},"end":{"line":266,"column":11}},"type":"if","locations":[{"start":{"line":264,"column":10},"end":{"line":266,"column":11}},{"start":{},"end":{}}]},"34":{"loc":{"start":{"line":272,"column":4},"end":{"line":276,"column":5}},"type":"if","locations":[{"start":{"line":272,"column":4},"end":{"line":276,"column":5}},{"start":{},"end":{}}]},"35":{"loc":{"start":{"line":279,"column":4},"end":{"line":287,"column":5}},"type":"if","locations":[{"start":{"line":279,"column":4},"end":{"line":287,"column":5}},{"start":{},"end":{}}]},"36":{"loc":{"start":{"line":279,"column":8},"end":{"line":279,"column":57}},"type":"binary-expr","locations":[{"start":{"line":279,"column":8},"end":{"line":279,"column":29}},{"start":{"line":279,"column":33},"end":{"line":279,"column":57}}]},"37":{"loc":{"start":{"line":297,"column":11},"end":{"line":297,"column":77}},"type":"binary-expr","locations":[{"start":{"line":297,"column":11},"end":{"line":297,"column":27}},{"start":{"line":297,"column":31},"end":{"line":297,"column":77}}]},"38":{"loc":{"start":{"line":301,"column":4},"end":{"line":311,"column":5}},"type":"if","locations":[{"start":{"line":301,"column":4},"end":{"line":311,"column":5}},{"start":{"line":304,"column":11},"end":{"line":311,"column":5}}]},"39":{"loc":{"start":{"line":307,"column":6},"end":{"line":309,"column":7}},"type":"if","locations":[{"start":{"line":307,"column":6},"end":{"line":309,"column":7}},{"start":{},"end":{}}]},"40":{"loc":{"start":{"line":321,"column":4},"end":{"line":321,"column":32}},"type":"if","locations":[{"start":{"line":321,"column":4},"end":{"line":321,"column":32}},{"start":{},"end":{}}]},"41":{"loc":{"start":{"line":331,"column":4},"end":{"line":438,"column":5}},"type":"switch","locations":[{"start":{"line":332,"column":6},"end":{"line":340,"column":14}},{"start":{"line":342,"column":6},"end":{"line":344,"column":14}},{"start":{"line":346,"column":6},"end":{"line":349,"column":14}},{"start":{"line":351,"column":6},"end":{"line":351,"column":30}},{"start":{"line":352,"column":6},"end":{"line":371,"column":14}},{"start":{"line":373,"column":6},"end":{"line":394,"column":14}},{"start":{"line":396,"column":6},"end":{"line":405,"column":14}},{"start":{"line":407,"column":6},"end":{"line":424,"column":14}},{"start":{"line":426,"column":6},"end":{"line":434,"column":14}},{"start":{"line":436,"column":6},"end":{"line":437,"column":20}}]},"42":{"loc":{"start":{"line":335,"column":8},"end":{"line":337,"column":9}},"type":"if","locations":[{"start":{"line":335,"column":8},"end":{"line":337,"column":9}},{"start":{},"end":{}}]},"43":{"loc":{"start":{"line":335,"column":12},"end":{"line":335,"column":56}},"type":"binary-expr","locations":[{"start":{"line":335,"column":12},"end":{"line":335,"column":23}},{"start":{"line":335,"column":27},"end":{"line":335,"column":56}}]},"44":{"loc":{"start":{"line":359,"column":15},"end":{"line":359,"column":45}},"type":"binary-expr","locations":[{"start":{"line":359,"column":15},"end":{"line":359,"column":32}},{"start":{"line":359,"column":36},"end":{"line":359,"column":45}}]},"45":{"loc":{"start":{"line":360,"column":10},"end":{"line":360,"column":53}},"type":"if","locations":[{"start":{"line":360,"column":10},"end":{"line":360,"column":53}},{"start":{},"end":{}}]},"46":{"loc":{"start":{"line":361,"column":10},"end":{"line":361,"column":80}},"type":"if","locations":[{"start":{"line":361,"column":10},"end":{"line":361,"column":80}},{"start":{},"end":{}}]},"47":{"loc":{"start":{"line":362,"column":10},"end":{"line":362,"column":52}},"type":"if","locations":[{"start":{"line":362,"column":10},"end":{"line":362,"column":52}},{"start":{},"end":{}}]},"48":{"loc":{"start":{"line":368,"column":52},"end":{"line":368,"column":77}},"type":"cond-expr","locations":[{"start":{"line":368,"column":67},"end":{"line":368,"column":71}},{"start":{"line":368,"column":74},"end":{"line":368,"column":77}}]},"49":{"loc":{"start":{"line":379,"column":15},"end":{"line":379,"column":50}},"type":"binary-expr","locations":[{"start":{"line":379,"column":15},"end":{"line":379,"column":32}},{"start":{"line":379,"column":36},"end":{"line":379,"column":50}}]},"50":{"loc":{"start":{"line":380,"column":10},"end":{"line":380,"column":60}},"type":"if","locations":[{"start":{"line":380,"column":10},"end":{"line":380,"column":60}},{"start":{},"end":{}}]},"51":{"loc":{"start":{"line":381,"column":10},"end":{"line":381,"column":61}},"type":"if","locations":[{"start":{"line":381,"column":10},"end":{"line":381,"column":61}},{"start":{},"end":{}}]},"52":{"loc":{"start":{"line":382,"column":10},"end":{"line":382,"column":58}},"type":"if","locations":[{"start":{"line":382,"column":10},"end":{"line":382,"column":58}},{"start":{},"end":{}}]},"53":{"loc":{"start":{"line":401,"column":14},"end":{"line":401,"column":75}},"type":"binary-expr","locations":[{"start":{"line":401,"column":14},"end":{"line":401,"column":36}},{"start":{"line":401,"column":40},"end":{"line":401,"column":75}}]},"54":{"loc":{"start":{"line":402,"column":14},"end":{"line":402,"column":83}},"type":"binary-expr","locations":[{"start":{"line":402,"column":14},"end":{"line":402,"column":36}},{"start":{"line":402,"column":40},"end":{"line":402,"column":83}}]},"55":{"loc":{"start":{"line":403,"column":14},"end":{"line":403,"column":86}},"type":"binary-expr","locations":[{"start":{"line":403,"column":14},"end":{"line":403,"column":37}},{"start":{"line":403,"column":41},"end":{"line":403,"column":86}}]},"56":{"loc":{"start":{"line":413,"column":15},"end":{"line":413,"column":50}},"type":"binary-expr","locations":[{"start":{"line":413,"column":15},"end":{"line":413,"column":32}},{"start":{"line":413,"column":36},"end":{"line":413,"column":50}}]},"57":{"loc":{"start":{"line":414,"column":10},"end":{"line":414,"column":65}},"type":"if","locations":[{"start":{"line":414,"column":10},"end":{"line":414,"column":65}},{"start":{},"end":{}}]},"58":{"loc":{"start":{"line":415,"column":10},"end":{"line":415,"column":66}},"type":"if","locations":[{"start":{"line":415,"column":10},"end":{"line":415,"column":66}},{"start":{},"end":{}}]},"59":{"loc":{"start":{"line":416,"column":10},"end":{"line":418,"column":11}},"type":"if","locations":[{"start":{"line":416,"column":10},"end":{"line":418,"column":11}},{"start":{},"end":{}}]},"60":{"loc":{"start":{"line":416,"column":14},"end":{"line":416,"column":59}},"type":"binary-expr","locations":[{"start":{"line":416,"column":14},"end":{"line":416,"column":28}},{"start":{"line":416,"column":32},"end":{"line":416,"column":59}}]},"61":{"loc":{"start":{"line":429,"column":8},"end":{"line":431,"column":9}},"type":"if","locations":[{"start":{"line":429,"column":8},"end":{"line":431,"column":9}},{"start":{},"end":{}}]},"62":{"loc":{"start":{"line":429,"column":12},"end":{"line":429,"column":60}},"type":"binary-expr","locations":[{"start":{"line":429,"column":12},"end":{"line":429,"column":25}},{"start":{"line":429,"column":29},"end":{"line":429,"column":60}}]},"63":{"loc":{"start":{"line":440,"column":11},"end":{"line":440,"column":51}},"type":"cond-expr","locations":[{"start":{"line":440,"column":27},"end":{"line":440,"column":44}},{"start":{"line":440,"column":47},"end":{"line":440,"column":51}}]},"64":{"loc":{"start":{"line":446,"column":55},"end":{"line":446,"column":85}},"type":"default-arg","locations":[{"start":{"line":446,"column":83},"end":{"line":446,"column":85}}]},"65":{"loc":{"start":{"line":456,"column":6},"end":{"line":458,"column":7}},"type":"if","locations":[{"start":{"line":456,"column":6},"end":{"line":458,"column":7}},{"start":{},"end":{}}]},"66":{"loc":{"start":{"line":456,"column":10},"end":{"line":456,"column":63}},"type":"binary-expr","locations":[{"start":{"line":456,"column":10},"end":{"line":456,"column":29}},{"start":{"line":456,"column":33},"end":{"line":456,"column":63}}]}},"s":{"0":1,"1":1,"2":1,"3":31,"4":31,"5":31,"6":21,"7":21,"8":15,"9":15,"10":15,"11":15,"12":15,"13":15,"14":15,"15":15,"16":15,"17":15,"18":6,"19":6,"20":0,"21":19,"22":19,"23":19,"24":19,"25":19,"26":16,"27":19,"28":19,"29":3,"30":19,"31":19,"32":3,"33":3,"34":3,"35":3,"36":19,"37":23,"38":1,"39":22,"40":21,"41":5,"42":16,"43":16,"44":1,"45":15,"46":15,"47":1,"48":15,"49":1,"50":15,"51":1,"52":15,"53":1,"54":15,"55":15,"56":5,"57":15,"58":1,"59":1,"60":1,"61":15,"62":15,"63":15,"64":15,"65":15,"66":15,"67":15,"68":15,"69":1287,"70":1287,"71":1108,"72":179,"73":89,"74":74,"75":74,"76":74,"77":89,"78":89,"79":89,"80":89,"81":89,"82":89,"83":89,"84":89,"85":89,"86":89,"87":90,"88":90,"89":90,"90":90,"91":74,"92":15,"93":15,"94":15,"95":15,"96":15,"97":0,"98":15,"99":89,"100":63,"101":89,"102":15,"103":74,"104":74,"105":27,"106":74,"107":89,"108":90,"109":90,"110":0,"111":90,"112":90,"113":39,"114":39,"115":39,"116":39,"117":39,"118":0,"119":0,"120":16,"121":16,"122":16,"123":16,"124":16,"125":16,"126":16,"127":16,"128":463,"129":21,"130":463,"131":37,"132":463,"133":447,"134":463,"135":16,"136":16,"137":81,"138":16,"139":16,"140":7,"141":7,"142":7,"143":7,"144":323,"145":0,"146":323,"147":7,"148":323,"149":316,"150":323,"151":7,"152":7,"153":7,"154":20,"155":7,"156":20,"157":7,"158":20,"159":58,"160":7,"161":7,"162":7,"163":0,"164":0,"165":0,"166":12,"167":12,"168":12,"169":12,"170":66,"171":0,"172":66,"173":12,"174":66,"175":18,"176":66,"177":12,"178":12,"179":12,"180":0,"181":0,"182":0,"183":0,"184":0,"185":0,"186":90,"187":42,"188":42,"189":89,"190":89,"191":27,"192":42,"193":1},"f":{"0":31,"1":21,"2":19,"3":23,"4":21,"5":15,"6":5,"7":15,"8":89,"9":90,"10":81,"11":20,"12":20,"13":20,"14":58,"15":42},"b":{"0":[15,0],"1":[15,14],"2":[6,0],"3":[0,0],"4":[19,0],"5":[16,3],"6":[3,16],"7":[3,16],"8":[3,0],"9":[1,22],"10":[5,16],"11":[21,17],"12":[1,15],"13":[1,14],"14":[15,14],"15":[1,0],"16":[1,14],"17":[15,14],"18":[1,0],"19":[1,14],"20":[15,14],"21":[1,0],"22":[1,14],"23":[15,14,14],"24":[1,0,0],"25":[1,14],"26":[1108,179],"27":[89,90],"28":[74,15],"29":[89,0],"30":[89,89],"31":[178,178],"32":[90,0],"33":[74,16],"34":[15,0],"35":[0,15],"36":[15,0],"37":[152,137],"38":[15,74],"39":[27,47],"40":[0,90],"41":[39,0,16,9,16,7,0,12,0,0],"42":[39,0],"43":[39,39],"44":[479,479],"45":[21,442],"46":[37,426],"47":[447,16],"48":[33,48],"49":[330,329],"50":[0,323],"51":[7,316],"52":[316,7],"53":[0,0],"54":[0,0],"55":[0,0],"56":[78,78],"57":[0,66],"58":[12,54],"59":[18,48],"60":[66,54],"61":[0,0],"62":[0,0],"63":[90,0],"64":[15],"65":[27,62],"66":[89,27]}}
,"/Users/aninukas/Library/Mobile Documents/com~apple~CloudDocs/devproject/marpmaker/lib/parser/index.ts": {"path":"/Users/aninukas/Library/Mobile Documents/com~apple~CloudDocs/devproject/marpmaker/lib/parser/index.ts","statementMap":{"0":{"start":{"line":5,"column":0},"end":{"line":5,"column":9}},"1":{"start":{"line":5,"column":9},"end":{"line":5,"column":50}},"2":{"start":{"line":6,"column":0},"end":{"line":6,"column":9}},"3":{"start":{"line":6,"column":9},"end":{"line":6,"column":24}},"4":{"start":{"line":6,"column":24},"end":{"line":6,"column":37}},"5":{"start":{"line":6,"column":37},"end":{"line":6,"column":70}},"6":{"start":{"line":7,"column":0},"end":{"line":7,"column":24}}},"fnMap":{"0":{"name":"(anonymous_4)","decl":{"start":{"line":5,"column":9},"end":{"line":5,"column":23}},"loc":{"start":{"line":5,"column":9},"end":{"line":5,"column":50}}},"1":{"name":"(anonymous_5)","decl":{"start":{"line":6,"column":9},"end":{"line":6,"column":22}},"loc":{"start":{"line":6,"column":9},"end":{"line":6,"column":24}}},"2":{"name":"(anonymous_6)","decl":{"start":{"line":6,"column":24},"end":{"line":6,"column":35}},"loc":{"start":{"line":6,"column":24},"end":{"line":6,"column":37}}},"3":{"name":"(anonymous_7)","decl":{"start":{"line":6,"column":37},"end":{"line":6,"column":52}},"loc":{"start":{"line":6,"column":37},"end":{"line":6,"column":70}}}},"branchMap":{},"s":{"0":0,"1":0,"2":0,"3":0,"4":0,"5":0,"6":0},"f":{"0":0,"1":0,"2":0,"3":0},"b":{}}
,"/Users/aninukas/Library/Mobile Documents/com~apple~CloudDocs/devproject/marpmaker/lib/parser/types.ts": {"path":"/Users/aninukas/Library/Mobile Documents/com~apple~CloudDocs/devproject/marpmaker/lib/parser/types.ts","statementMap":{"0":{"start":{"line":24,"column":0},"end":{"line":24,"column":null}},"1":{"start":{"line":25,"column":2},"end":{"line":25,"column":null}},"2":{"start":{"line":26,"column":2},"end":{"line":26,"column":null}},"3":{"start":{"line":27,"column":2},"end":{"line":27,"column":null}},"4":{"start":{"line":28,"column":2},"end":{"line":28,"column":null}},"5":{"start":{"line":40,"column":4},"end":{"line":40,"column":19}},"6":{"start":{"line":36,"column":11},"end":{"line":36,"column":28}},"7":{"start":{"line":38,"column":11},"end":{"line":38,"column":24}},"8":{"start":{"line":41,"column":4},"end":{"line":41,"column":34}},"9":{"start":{"line":34,"column":0},"end":{"line":34,"column":13}}},"fnMap":{"0":{"name":"(anonymous_0)","decl":{"start":{"line":24,"column":0},"end":{"line":24,"column":12}},"loc":{"start":{"line":24,"column":23},"end":{"line":29,"column":1}}},"1":{"name":"(anonymous_1)","decl":{"start":{"line":35,"column":2},"end":{"line":35,"column":null}},"loc":{"start":{"line":38,"column":24},"end":{"line":42,"column":3}}}},"branchMap":{"0":{"loc":{"start":{"line":24,"column":12},"end":{"line":24,"column":null}},"type":"binary-expr","locations":[{"start":{"line":24,"column":12},"end":{"line":24,"column":23}},{"start":{"line":24,"column":23},"end":{"line":24,"column":null}}]}},"s":{"0":1,"1":1,"2":1,"3":1,"4":1,"5":6,"6":6,"7":6,"8":6,"9":1},"f":{"0":1,"1":6},"b":{"0":[1,1]}}
,"/Users/aninukas/Library/Mobile Documents/com~apple~CloudDocs/devproject/marpmaker/lib/parser/utils.ts": {"path":"/Users/aninukas/Library/Mobile Documents/com~apple~CloudDocs/devproject/marpmaker/lib/parser/utils.ts","statementMap":{"0":{"start":{"line":19,"column":0},"end":{"line":19,"column":16}},"1":{"start":{"line":28,"column":0},"end":{"line":28,"column":16}},"2":{"start":{"line":83,"column":0},"end":{"line":83,"column":16}},"3":{"start":{"line":99,"column":0},"end":{"line":99,"column":16}},"4":{"start":{"line":129,"column":0},"end":{"line":129,"column":16}},"5":{"start":{"line":172,"column":0},"end":{"line":172,"column":16}},"6":{"start":{"line":223,"column":0},"end":{"line":223,"column":16}},"7":{"start":{"line":251,"column":0},"end":{"line":251,"column":16}},"8":{"start":{"line":5,"column":0},"end":{"line":5,"column":32}},"9":{"start":{"line":20,"column":13},"end":{"line":20,"column":23}},"10":{"start":{"line":21,"column":2},"end":{"line":21,"column":41}},"11":{"start":{"line":32,"column":27},"end":{"line":32,"column":52}},"12":{"start":{"line":33,"column":16},"end":{"line":33,"column":47}},"13":{"start":{"line":35,"column":2},"end":{"line":37,"column":3}},"14":{"start":{"line":36,"column":4},"end":{"line":36,"column":40}},"15":{"start":{"line":39,"column":22},"end":{"line":39,"column":30}},"16":{"start":{"line":40,"column":36},"end":{"line":40,"column":66}},"17":{"start":{"line":43,"column":43},"end":{"line":43,"column":45}},"18":{"start":{"line":44,"column":16},"end":{"line":44,"column":39}},"19":{"start":{"line":46,"column":2},"end":{"line":74,"column":3}},"20":{"start":{"line":47,"column":23},"end":{"line":47,"column":40}},"21":{"start":{"line":48,"column":4},"end":{"line":73,"column":5}},"22":{"start":{"line":49,"column":18},"end":{"line":49,"column":50}},"23":{"start":{"line":50,"column":18},"end":{"line":50,"column":51}},"24":{"start":{"line":53,"column":6},"end":{"line":72,"column":7}},"25":{"start":{"line":55,"column":29},"end":{"line":55,"column":47}},"26":{"start":{"line":56,"column":8},"end":{"line":56,"column":76}},"27":{"start":{"line":56,"column":63},"end":{"line":56,"column":74}},"28":{"start":{"line":59,"column":27},"end":{"line":59,"column":60}},"29":{"start":{"line":62,"column":8},"end":{"line":71,"column":9}},"30":{"start":{"line":63,"column":23},"end":{"line":63,"column":43}},"31":{"start":{"line":64,"column":10},"end":{"line":68,"column":11}},"32":{"start":{"line":65,"column":12},"end":{"line":65,"column":36}},"33":{"start":{"line":67,"column":12},"end":{"line":67,"column":42}},"34":{"start":{"line":70,"column":10},"end":{"line":70,"column":40}},"35":{"start":{"line":76,"column":2},"end":{"line":76,"column":61}},"36":{"start":{"line":85,"column":22},"end":{"line":85,"column":84}},"37":{"start":{"line":88,"column":24},"end":{"line":88,"column":68}},"38":{"start":{"line":89,"column":26},"end":{"line":89,"column":64}},"39":{"start":{"line":90,"column":24},"end":{"line":90,"column":67}},"40":{"start":{"line":93,"column":2},"end":{"line":93,"column":43}},"41":{"start":{"line":100,"column":28},"end":{"line":100,"column":30}},"42":{"start":{"line":101,"column":21},"end":{"line":101,"column":22}},"43":{"start":{"line":102,"column":34},"end":{"line":102,"column":49}},"44":{"start":{"line":104,"column":2},"end":{"line":121,"column":3}},"45":{"start":{"line":104,"column":15},"end":{"line":104,"column":16}},"46":{"start":{"line":105,"column":18},"end":{"line":105,"column":27}},"47":{"start":{"line":107,"column":4},"end":{"line":120,"column":5}},"48":{"start":{"line":108,"column":24},"end":{"line":108,"column":58}},"49":{"start":{"line":109,"column":6},"end":{"line":109,"column":35}},"50":{"start":{"line":110,"column":11},"end":{"line":120,"column":5}},"51":{"start":{"line":111,"column":6},"end":{"line":111,"column":25}},"52":{"start":{"line":112,"column":11},"end":{"line":120,"column":5}},"53":{"start":{"line":113,"column":6},"end":{"line":113,"column":55}},"54":{"start":{"line":114,"column":11},"end":{"line":120,"column":5}},"55":{"start":{"line":115,"column":6},"end":{"line":119,"column":9}},"56":{"start":{"line":123,"column":2},"end":{"line":123,"column":15}},"57":{"start":{"line":130,"column":31},"end":{"line":130,"column":33}},"58":{"start":{"line":131,"column":30},"end":{"line":131,"column":32}},"59":{"start":{"line":132,"column":32},"end":{"line":132,"column":34}},"60":{"start":{"line":133,"column":17},"end":{"line":133,"column":22}},"61":{"start":{"line":134,"column":15},"end":{"line":134,"column":20}},"62":{"start":{"line":136,"column":2},"end":{"line":164,"column":3}},"63":{"start":{"line":136,"column":15},"end":{"line":136,"column":16}},"64":{"start":{"line":137,"column":18},"end":{"line":137,"column":27}},"65":{"start":{"line":139,"column":4},"end":{"line":163,"column":5}},"66":{"start":{"line":140,"column":6},"end":{"line":140,"column":22}},"67":{"start":{"line":141,"column":11},"end":{"line":163,"column":5}},"68":{"start":{"line":142,"column":6},"end":{"line":142,"column":23}},"69":{"start":{"line":143,"column":11},"end":{"line":163,"column":5}},"70":{"start":{"line":144,"column":6},"end":{"line":144,"column":22}},"71":{"start":{"line":145,"column":11},"end":{"line":163,"column":5}},"72":{"start":{"line":146,"column":6},"end":{"line":150,"column":7}},"73":{"start":{"line":149,"column":8},"end":{"line":149,"column":30}},"74":{"start":{"line":151,"column":6},"end":{"line":151,"column":22}},"75":{"start":{"line":152,"column":11},"end":{"line":163,"column":5}},"76":{"start":{"line":153,"column":6},"end":{"line":153,"column":20}},"77":{"start":{"line":154,"column":11},"end":{"line":163,"column":5}},"78":{"start":{"line":155,"column":6},"end":{"line":155,"column":21}},"79":{"start":{"line":156,"column":11},"end":{"line":163,"column":5}},"80":{"start":{"line":157,"column":19},"end":{"line":157,"column":45}},"81":{"start":{"line":158,"column":6},"end":{"line":162,"column":7}},"82":{"start":{"line":159,"column":8},"end":{"line":159,"column":27}},"83":{"start":{"line":160,"column":13},"end":{"line":162,"column":7}},"84":{"start":{"line":161,"column":8},"end":{"line":161,"column":30}},"85":{"start":{"line":166,"column":2},"end":{"line":166,"column":27}},"86":{"start":{"line":173,"column":2},"end":{"line":173,"column":23}},"87":{"start":{"line":173,"column":13},"end":{"line":173,"column":23}},"88":{"start":{"line":175,"column":16},"end":{"line":175,"column":33}},"89":{"start":{"line":176,"column":38},"end":{"line":178,"column":4}},"90":{"start":{"line":181,"column":2},"end":{"line":194,"column":3}},"91":{"start":{"line":181,"column":15},"end":{"line":181,"column":16}},"92":{"start":{"line":182,"column":17},"end":{"line":182,"column":25}},"93":{"start":{"line":185,"column":4},"end":{"line":187,"column":5}},"94":{"start":{"line":186,"column":6},"end":{"line":186,"column":31}},"95":{"start":{"line":190,"column":27},"end":{"line":190,"column":54}},"96":{"start":{"line":191,"column":4},"end":{"line":193,"column":5}},"97":{"start":{"line":192,"column":6},"end":{"line":192,"column":68}},"98":{"start":{"line":196,"column":2},"end":{"line":196,"column":18}},"99":{"start":{"line":203,"column":26},"end":{"line":203,"column":28}},"100":{"start":{"line":204,"column":16},"end":{"line":204,"column":35}},"101":{"start":{"line":206,"column":2},"end":{"line":215,"column":3}},"102":{"start":{"line":207,"column":4},"end":{"line":214,"column":5}},"103":{"start":{"line":208,"column":27},"end":{"line":208,"column":54}},"104":{"start":{"line":209,"column":6},"end":{"line":211,"column":7}},"105":{"start":{"line":209,"column":19},"end":{"line":209,"column":24}},"106":{"start":{"line":210,"column":8},"end":{"line":210,"column":22}},"107":{"start":{"line":213,"column":6},"end":{"line":213,"column":31}},"108":{"start":{"line":217,"column":2},"end":{"line":217,"column":37}},"109":{"start":{"line":217,"column":30},"end":{"line":217,"column":35}},"110":{"start":{"line":224,"column":2},"end":{"line":245,"column":3}},"111":{"start":{"line":226,"column":6},"end":{"line":226,"column":25}},"112":{"start":{"line":229,"column":6},"end":{"line":229,"column":20}},"113":{"start":{"line":232,"column":6},"end":{"line":232,"column":20}},"114":{"start":{"line":234,"column":6},"end":{"line":234,"column":21}},"115":{"start":{"line":236,"column":6},"end":{"line":236,"column":21}},"116":{"start":{"line":238,"column":6},"end":{"line":238,"column":21}},"117":{"start":{"line":240,"column":6},"end":{"line":240,"column":23}},"118":{"start":{"line":242,"column":6},"end":{"line":242,"column":20}},"119":{"start":{"line":244,"column":6},"end":{"line":244,"column":18}},"120":{"start":{"line":252,"column":19},"end":{"line":252,"column":20}},"121":{"start":{"line":254,"column":2},"end":{"line":282,"column":3}},"122":{"start":{"line":255,"column":4},"end":{"line":281,"column":5}},"123":{"start":{"line":258,"column":26},"end":{"line":258,"column":59}},"124":{"start":{"line":259,"column":8},"end":{"line":259,"column":49}},"125":{"start":{"line":260,"column":8},"end":{"line":260,"column":14}},"126":{"start":{"line":263,"column":26},"end":{"line":263,"column":64}},"127":{"start":{"line":264,"column":8},"end":{"line":264,"column":47}},"128":{"start":{"line":265,"column":8},"end":{"line":265,"column":14}},"129":{"start":{"line":268,"column":8},"end":{"line":268,"column":24}},"130":{"start":{"line":269,"column":8},"end":{"line":269,"column":14}},"131":{"start":{"line":272,"column":8},"end":{"line":272,"column":24}},"132":{"start":{"line":273,"column":8},"end":{"line":273,"column":14}},"133":{"start":{"line":276,"column":8},"end":{"line":276,"column":24}},"134":{"start":{"line":277,"column":8},"end":{"line":277,"column":14}},"135":{"start":{"line":280,"column":8},"end":{"line":280,"column":14}},"136":{"start":{"line":284,"column":2},"end":{"line":284,"column":45}}},"fnMap":{"0":{"name":"generateId","decl":{"start":{"line":19,"column":16},"end":{"line":19,"column":26}},"loc":{"start":{"line":19,"column":42},"end":{"line":22,"column":1}}},"1":{"name":"extractFrontMatter","decl":{"start":{"line":28,"column":16},"end":{"line":28,"column":34}},"loc":{"start":{"line":28,"column":50},"end":{"line":77,"column":1}}},"2":{"name":"(anonymous_2)","decl":{"start":{"line":56,"column":55},"end":{"line":56,"column":59}},"loc":{"start":{"line":56,"column":63},"end":{"line":56,"column":74}}},"3":{"name":"detectLanguageFromContent","decl":{"start":{"line":83,"column":16},"end":{"line":83,"column":41}},"loc":{"start":{"line":83,"column":57},"end":{"line":94,"column":1}}},"4":{"name":"parseListItems","decl":{"start":{"line":99,"column":16},"end":{"line":99,"column":30}},"loc":{"start":{"line":99,"column":76},"end":{"line":124,"column":1}}},"5":{"name":"parseTable","decl":{"start":{"line":129,"column":16},"end":{"line":129,"column":26}},"loc":{"start":{"line":129,"column":40},"end":{"line":167,"column":1}}},"6":{"name":"parseCodeBlockInfo","decl":{"start":{"line":172,"column":16},"end":{"line":172,"column":34}},"loc":{"start":{"line":172,"column":47},"end":{"line":197,"column":1}}},"7":{"name":"parseLineNumbers","decl":{"start":{"line":202,"column":9},"end":{"line":202,"column":25}},"loc":{"start":{"line":202,"column":42},"end":{"line":218,"column":1}}},"8":{"name":"(anonymous_8)","decl":{"start":{"line":217,"column":20},"end":{"line":217,"column":21}},"loc":{"start":{"line":217,"column":30},"end":{"line":217,"column":35}}},"9":{"name":"getBlockType","decl":{"start":{"line":223,"column":16},"end":{"line":223,"column":28}},"loc":{"start":{"line":223,"column":39},"end":{"line":246,"column":1}}},"10":{"name":"calculateSuggestedSlideCount","decl":{"start":{"line":251,"column":16},"end":{"line":251,"column":44}},"loc":{"start":{"line":251,"column":67},"end":{"line":285,"column":1}}}},"branchMap":{"0":{"loc":{"start":{"line":21,"column":9},"end":{"line":21,"column":40}},"type":"cond-expr","locations":[{"start":{"line":21,"column":18},"end":{"line":21,"column":35}},{"start":{"line":21,"column":38},"end":{"line":21,"column":40}}]},"1":{"loc":{"start":{"line":35,"column":2},"end":{"line":37,"column":3}},"type":"if","locations":[{"start":{"line":35,"column":2},"end":{"line":37,"column":3}},{"start":{},"end":{}}]},"2":{"loc":{"start":{"line":48,"column":4},"end":{"line":73,"column":5}},"type":"if","locations":[{"start":{"line":48,"column":4},"end":{"line":73,"column":5}},{"start":{},"end":{}}]},"3":{"loc":{"start":{"line":53,"column":6},"end":{"line":72,"column":7}},"type":"if","locations":[{"start":{"line":53,"column":6},"end":{"line":72,"column":7}},{"start":{"line":57,"column":13},"end":{"line":72,"column":7}}]},"4":{"loc":{"start":{"line":53,"column":10},"end":{"line":53,"column":54}},"type":"binary-expr","locations":[{"start":{"line":53,"column":10},"end":{"line":53,"column":31}},{"start":{"line":53,"column":35},"end":{"line":53,"column":54}}]},"5":{"loc":{"start":{"line":62,"column":8},"end":{"line":71,"column":9}},"type":"if","locations":[{"start":{"line":62,"column":8},"end":{"line":71,"column":9}},{"start":{"line":69,"column":15},"end":{"line":71,"column":9}}]},"6":{"loc":{"start":{"line":62,"column":12},"end":{"line":62,"column":42}},"type":"binary-expr","locations":[{"start":{"line":62,"column":12},"end":{"line":62,"column":26}},{"start":{"line":62,"column":30},"end":{"line":62,"column":42}}]},"7":{"loc":{"start":{"line":64,"column":10},"end":{"line":68,"column":11}},"type":"if","locations":[{"start":{"line":64,"column":10},"end":{"line":68,"column":11}},{"start":{"line":66,"column":17},"end":{"line":68,"column":11}}]},"8":{"loc":{"start":{"line":89,"column":26},"end":{"line":89,"column":64}},"type":"binary-expr","locations":[{"start":{"line":89,"column":26},"end":{"line":89,"column":58}},{"start":{"line":89,"column":62},"end":{"line":89,"column":64}}]},"9":{"loc":{"start":{"line":93,"column":9},"end":{"line":93,"column":42}},"type":"cond-expr","locations":[{"start":{"line":93,"column":31},"end":{"line":93,"column":35}},{"start":{"line":93,"column":38},"end":{"line":93,"column":42}}]},"10":{"loc":{"start":{"line":99,"column":46},"end":{"line":99,"column":76}},"type":"default-arg","locations":[{"start":{"line":99,"column":71},"end":{"line":99,"column":76}}]},"11":{"loc":{"start":{"line":107,"column":4},"end":{"line":120,"column":5}},"type":"if","locations":[{"start":{"line":107,"column":4},"end":{"line":120,"column":5}},{"start":{"line":110,"column":11},"end":{"line":120,"column":5}}]},"12":{"loc":{"start":{"line":107,"column":8},"end":{"line":107,"column":79}},"type":"binary-expr","locations":[{"start":{"line":107,"column":8},"end":{"line":107,"column":42}},{"start":{"line":107,"column":46},"end":{"line":107,"column":79}}]},"13":{"loc":{"start":{"line":110,"column":11},"end":{"line":120,"column":5}},"type":"if","locations":[{"start":{"line":110,"column":11},"end":{"line":120,"column":5}},{"start":{"line":112,"column":11},"end":{"line":120,"column":5}}]},"14":{"loc":{"start":{"line":110,"column":15},"end":{"line":110,"column":88}},"type":"binary-expr","locations":[{"start":{"line":110,"column":15},"end":{"line":110,"column":50}},{"start":{"line":110,"column":54},"end":{"line":110,"column":88}}]},"15":{"loc":{"start":{"line":112,"column":11},"end":{"line":120,"column":5}},"type":"if","locations":[{"start":{"line":112,"column":11},"end":{"line":120,"column":5}},{"start":{"line":114,"column":11},"end":{"line":120,"column":5}}]},"16":{"loc":{"start":{"line":114,"column":11},"end":{"line":120,"column":5}},"type":"if","locations":[{"start":{"line":114,"column":11},"end":{"line":120,"column":5}},{"start":{},"end":{}}]},"17":{"loc":{"start":{"line":114,"column":15},"end":{"line":114,"column":82}},"type":"binary-expr","locations":[{"start":{"line":114,"column":15},"end":{"line":114,"column":38}},{"start":{"line":114,"column":42},"end":{"line":114,"column":55}},{"start":{"line":114,"column":59},"end":{"line":114,"column":82}}]},"18":{"loc":{"start":{"line":139,"column":4},"end":{"line":163,"column":5}},"type":"if","locations":[{"start":{"line":139,"column":4},"end":{"line":163,"column":5}},{"start":{"line":141,"column":11},"end":{"line":163,"column":5}}]},"19":{"loc":{"start":{"line":141,"column":11},"end":{"line":163,"column":5}},"type":"if","locations":[{"start":{"line":141,"column":11},"end":{"line":163,"column":5}},{"start":{"line":143,"column":11},"end":{"line":163,"column":5}}]},"20":{"loc":{"start":{"line":143,"column":11},"end":{"line":163,"column":5}},"type":"if","locations":[{"start":{"line":143,"column":11},"end":{"line":163,"column":5}},{"start":{"line":145,"column":11},"end":{"line":163,"column":5}}]},"21":{"loc":{"start":{"line":145,"column":11},"end":{"line":163,"column":5}},"type":"if","locations":[{"start":{"line":145,"column":11},"end":{"line":163,"column":5}},{"start":{"line":152,"column":11},"end":{"line":163,"column":5}}]},"22":{"loc":{"start":{"line":145,"column":15},"end":{"line":145,"column":65}},"type":"binary-expr","locations":[{"start":{"line":145,"column":15},"end":{"line":145,"column":40}},{"start":{"line":145,"column":44},"end":{"line":145,"column":65}}]},"23":{"loc":{"start":{"line":146,"column":6},"end":{"line":150,"column":7}},"type":"if","locations":[{"start":{"line":146,"column":6},"end":{"line":150,"column":7}},{"start":{"line":148,"column":13},"end":{"line":150,"column":7}}]},"24":{"loc":{"start":{"line":152,"column":11},"end":{"line":163,"column":5}},"type":"if","locations":[{"start":{"line":152,"column":11},"end":{"line":163,"column":5}},{"start":{"line":154,"column":11},"end":{"line":163,"column":5}}]},"25":{"loc":{"start":{"line":152,"column":15},"end":{"line":152,"column":67}},"type":"binary-expr","locations":[{"start":{"line":152,"column":15},"end":{"line":152,"column":39}},{"start":{"line":152,"column":43},"end":{"line":152,"column":67}}]},"26":{"loc":{"start":{"line":154,"column":11},"end":{"line":163,"column":5}},"type":"if","locations":[{"start":{"line":154,"column":11},"end":{"line":163,"column":5}},{"start":{"line":156,"column":11},"end":{"line":163,"column":5}}]},"27":{"loc":{"start":{"line":154,"column":15},"end":{"line":154,"column":81}},"type":"binary-expr","locations":[{"start":{"line":154,"column":16},"end":{"line":154,"column":41}},{"start":{"line":154,"column":45},"end":{"line":154,"column":70}},{"start":{"line":154,"column":75},"end":{"line":154,"column":81}}]},"28":{"loc":{"start":{"line":156,"column":11},"end":{"line":163,"column":5}},"type":"if","locations":[{"start":{"line":156,"column":11},"end":{"line":163,"column":5}},{"start":{},"end":{}}]},"29":{"loc":{"start":{"line":156,"column":15},"end":{"line":156,"column":48}},"type":"binary-expr","locations":[{"start":{"line":156,"column":15},"end":{"line":156,"column":21}},{"start":{"line":156,"column":25},"end":{"line":156,"column":48}}]},"30":{"loc":{"start":{"line":158,"column":6},"end":{"line":162,"column":7}},"type":"if","locations":[{"start":{"line":158,"column":6},"end":{"line":162,"column":7}},{"start":{"line":160,"column":13},"end":{"line":162,"column":7}}]},"31":{"loc":{"start":{"line":158,"column":10},"end":{"line":158,"column":38}},"type":"binary-expr","locations":[{"start":{"line":158,"column":10},"end":{"line":158,"column":18}},{"start":{"line":158,"column":22},"end":{"line":158,"column":38}}]},"32":{"loc":{"start":{"line":160,"column":13},"end":{"line":162,"column":7}},"type":"if","locations":[{"start":{"line":160,"column":13},"end":{"line":162,"column":7}},{"start":{},"end":{}}]},"33":{"loc":{"start":{"line":173,"column":2},"end":{"line":173,"column":23}},"type":"if","locations":[{"start":{"line":173,"column":2},"end":{"line":173,"column":23}},{"start":{},"end":{}}]},"34":{"loc":{"start":{"line":177,"column":14},"end":{"line":177,"column":35}},"type":"binary-expr","locations":[{"start":{"line":177,"column":14},"end":{"line":177,"column":22}},{"start":{"line":177,"column":26},"end":{"line":177,"column":35}}]},"35":{"loc":{"start":{"line":185,"column":4},"end":{"line":187,"column":5}},"type":"if","locations":[{"start":{"line":185,"column":4},"end":{"line":187,"column":5}},{"start":{},"end":{}}]},"36":{"loc":{"start":{"line":185,"column":8},"end":{"line":185,"column":48}},"type":"binary-expr","locations":[{"start":{"line":185,"column":8},"end":{"line":185,"column":26}},{"start":{"line":185,"column":30},"end":{"line":185,"column":48}}]},"37":{"loc":{"start":{"line":191,"column":4},"end":{"line":193,"column":5}},"type":"if","locations":[{"start":{"line":191,"column":4},"end":{"line":193,"column":5}},{"start":{},"end":{}}]},"38":{"loc":{"start":{"line":207,"column":4},"end":{"line":214,"column":5}},"type":"if","locations":[{"start":{"line":207,"column":4},"end":{"line":214,"column":5}},{"start":{"line":212,"column":11},"end":{"line":214,"column":5}}]},"39":{"loc":{"start":{"line":224,"column":2},"end":{"line":245,"column":3}},"type":"switch","locations":[{"start":{"line":225,"column":4},"end":{"line":226,"column":25}},{"start":{"line":227,"column":4},"end":{"line":227,"column":28}},{"start":{"line":228,"column":4},"end":{"line":229,"column":20}},{"start":{"line":230,"column":4},"end":{"line":230,"column":22}},{"start":{"line":231,"column":4},"end":{"line":232,"column":20}},{"start":{"line":233,"column":4},"end":{"line":234,"column":21}},{"start":{"line":235,"column":4},"end":{"line":236,"column":21}},{"start":{"line":237,"column":4},"end":{"line":238,"column":21}},{"start":{"line":239,"column":4},"end":{"line":240,"column":23}},{"start":{"line":241,"column":4},"end":{"line":242,"column":20}},{"start":{"line":243,"column":4},"end":{"line":244,"column":18}}]},"40":{"loc":{"start":{"line":255,"column":4},"end":{"line":281,"column":5}},"type":"switch","locations":[{"start":{"line":256,"column":6},"end":{"line":260,"column":14}},{"start":{"line":261,"column":6},"end":{"line":265,"column":14}},{"start":{"line":266,"column":6},"end":{"line":269,"column":14}},{"start":{"line":270,"column":6},"end":{"line":273,"column":14}},{"start":{"line":274,"column":6},"end":{"line":277,"column":14}},{"start":{"line":278,"column":6},"end":{"line":280,"column":14}}]},"41":{"loc":{"start":{"line":263,"column":26},"end":{"line":263,"column":64}},"type":"binary-expr","locations":[{"start":{"line":263,"column":26},"end":{"line":263,"column":59}},{"start":{"line":263,"column":63},"end":{"line":263,"column":64}}]},"42":{"loc":{"start":{"line":263,"column":26},"end":{"line":263,"column":59}},"type":"cond-expr","locations":[{"start":{"line":263,"column":51},"end":{"line":263,"column":53}},{"start":{"line":263,"column":51},"end":{"line":263,"column":59}}]},"43":{"loc":{"start":{"line":263,"column":26},"end":{"line":263,"column":53}},"type":"binary-expr","locations":[{"start":{"line":263,"column":26},"end":{"line":263,"column":53}},{"start":{"line":263,"column":51},"end":{"line":263,"column":53}}]},"44":{"loc":{"start":{"line":263,"column":26},"end":{"line":263,"column":51}},"type":"cond-expr","locations":[{"start":{"line":263,"column":40},"end":{"line":263,"column":42}},{"start":{"line":263,"column":40},"end":{"line":263,"column":51}}]},"45":{"loc":{"start":{"line":263,"column":26},"end":{"line":263,"column":42}},"type":"binary-expr","locations":[{"start":{"line":263,"column":26},"end":{"line":263,"column":42}},{"start":{"line":263,"column":40},"end":{"line":263,"column":42}}]}},"s":{"0":1,"1":1,"2":1,"3":1,"4":1,"5":1,"6":1,"7":1,"8":1,"9":103,"10":103,"11":15,"12":15,"13":15,"14":14,"15":1,"16":1,"17":1,"18":1,"19":1,"20":5,"21":5,"22":5,"23":5,"24":5,"25":1,"26":1,"27":2,"28":4,"29":4,"30":1,"31":1,"32":1,"33":0,"34":3,"35":1,"36":22,"37":22,"38":22,"39":22,"40":22,"41":16,"42":16,"43":16,"44":16,"45":16,"46":447,"47":447,"48":21,"49":21,"50":426,"51":21,"52":405,"53":81,"54":324,"55":81,"56":16,"57":7,"58":7,"59":7,"60":7,"61":7,"62":7,"63":7,"64":316,"65":316,"66":7,"67":309,"68":7,"69":302,"70":27,"71":275,"72":20,"73":20,"74":20,"75":255,"76":78,"77":177,"78":78,"79":99,"80":78,"81":78,"82":20,"83":58,"84":58,"85":7,"86":16,"87":6,"88":10,"89":10,"90":10,"91":10,"92":6,"93":6,"94":0,"95":6,"96":6,"97":6,"98":10,"99":6,"100":6,"101":6,"102":12,"103":6,"104":6,"105":6,"106":18,"107":6,"108":6,"109":18,"110":90,"111":39,"112":16,"113":16,"114":7,"115":0,"116":12,"117":0,"118":0,"119":0,"120":89,"121":89,"122":90,"123":39,"124":39,"125":39,"126":16,"127":16,"128":16,"129":16,"130":16,"131":7,"132":7,"133":0,"134":0,"135":12,"136":89},"f":{"0":103,"1":15,"2":2,"3":22,"4":16,"5":7,"6":16,"7":6,"8":18,"9":90,"10":89},"b":{"0":[103,0],"1":[14,1],"2":[5,0],"3":[1,4],"4":[5,1],"5":[1,3],"6":[4,3],"7":[1,0],"8":[22,19],"9":[3,19],"10":[0],"11":[21,426],"12":[447,441],"13":[21,405],"14":[426,420],"15":[81,324],"16":[81,243],"17":[324,81,81],"18":[7,309],"19":[7,302],"20":[27,275],"21":[20,255],"22":[275,27],"23":[0,20],"24":[78,177],"25":[255,235],"26":[78,99],"27":[177,157,78],"28":[78,21],"29":[99,78],"30":[20,58],"31":[78,20],"32":[58,0],"33":[6,10],"34":[10,0],"35":[0,6],"36":[6,6],"37":[6,0],"38":[6,6],"39":[39,9,16,0,16,7,0,12,0,0,0],"40":[39,16,16,7,0,12],"41":[16,0],"42":[0,16],"43":[16,16],"44":[0,16],"45":[16,16]}}
,"/Users/aninukas/Library/Mobile Documents/com~apple~CloudDocs/devproject/marpmaker/lib/utils/common.ts": {"path":"/Users/aninukas/Library/Mobile Documents/com~apple~CloudDocs/devproject/marpmaker/lib/utils/common.ts","statementMap":{"0":{"start":{"line":17,"column":0},"end":{"line":17,"column":16}},"1":{"start":{"line":28,"column":0},"end":{"line":28,"column":16}},"2":{"start":{"line":42,"column":0},"end":{"line":42,"column":16}},"3":{"start":{"line":113,"column":0},"end":{"line":113,"column":16}},"4":{"start":{"line":136,"column":0},"end":{"line":136,"column":16}},"5":{"start":{"line":151,"column":0},"end":{"line":151,"column":16}},"6":{"start":{"line":161,"column":0},"end":{"line":161,"column":16}},"7":{"start":{"line":194,"column":0},"end":{"line":194,"column":16}},"8":{"start":{"line":221,"column":0},"end":{"line":221,"column":16}},"9":{"start":{"line":240,"column":0},"end":{"line":240,"column":16}},"10":{"start":{"line":265,"column":0},"end":{"line":265,"column":7}},"11":{"start":{"line":293,"column":0},"end":{"line":293,"column":16}},"12":{"start":{"line":300,"column":0},"end":{"line":300,"column":16}},"13":{"start":{"line":307,"column":0},"end":{"line":307,"column":16}},"14":{"start":{"line":314,"column":0},"end":{"line":314,"column":16}},"15":{"start":{"line":321,"column":0},"end":{"line":321,"column":16}},"16":{"start":{"line":328,"column":0},"end":{"line":328,"column":16}},"17":{"start":{"line":343,"column":0},"end":{"line":343,"column":16}},"18":{"start":{"line":359,"column":0},"end":{"line":359,"column":16}},"19":{"start":{"line":384,"column":0},"end":{"line":384,"column":16}},"20":{"start":{"line":405,"column":0},"end":{"line":405,"column":16}},"21":{"start":{"line":424,"column":0},"end":{"line":424,"column":16}},"22":{"start":{"line":8,"column":0},"end":{"line":8,"column":32}},"23":{"start":{"line":18,"column":13},"end":{"line":18,"column":27}},"24":{"start":{"line":19,"column":2},"end":{"line":19,"column":41}},"25":{"start":{"line":29,"column":20},"end":{"line":29,"column":43}},"26":{"start":{"line":30,"column":17},"end":{"line":30,"column":26}},"27":{"start":{"line":31,"column":13},"end":{"line":31,"column":37}},"28":{"start":{"line":32,"column":2},"end":{"line":32,"column":41}},"29":{"start":{"line":46,"column":18},"end":{"line":48,"column":10}},"30":{"start":{"line":50,"column":2},"end":{"line":52,"column":3}},"31":{"start":{"line":51,"column":4},"end":{"line":51,"column":26}},"32":{"start":{"line":54,"column":2},"end":{"line":78,"column":3}},"33":{"start":{"line":56,"column":6},"end":{"line":56,"column":35}},"34":{"start":{"line":59,"column":6},"end":{"line":63,"column":9}},"35":{"start":{"line":66,"column":6},"end":{"line":71,"column":9}},"36":{"start":{"line":74,"column":6},"end":{"line":74,"column":41}},"37":{"start":{"line":77,"column":6},"end":{"line":77,"column":35}},"38":{"start":{"line":85,"column":14},"end":{"line":85,"column":24}},"39":{"start":{"line":86,"column":17},"end":{"line":86,"column":47}},"40":{"start":{"line":87,"column":18},"end":{"line":87,"column":43}},"41":{"start":{"line":88,"column":18},"end":{"line":88,"column":42}},"42":{"start":{"line":89,"column":19},"end":{"line":89,"column":43}},"43":{"start":{"line":90,"column":18},"end":{"line":90,"column":43}},"44":{"start":{"line":92,"column":2},"end":{"line":102,"column":3}},"45":{"start":{"line":93,"column":4},"end":{"line":93,"column":22}},"46":{"start":{"line":94,"column":9},"end":{"line":102,"column":3}},"47":{"start":{"line":95,"column":4},"end":{"line":95,"column":60}},"48":{"start":{"line":96,"column":9},"end":{"line":102,"column":3}},"49":{"start":{"line":97,"column":4},"end":{"line":97,"column":60}},"50":{"start":{"line":98,"column":9},"end":{"line":102,"column":3}},"51":{"start":{"line":99,"column":4},"end":{"line":99,"column":57}},"52":{"start":{"line":101,"column":4},"end":{"line":101,"column":44}},"53":{"start":{"line":118,"column":2},"end":{"line":120,"column":3}},"54":{"start":{"line":119,"column":4},"end":{"line":119,"column":16}},"55":{"start":{"line":122,"column":26},"end":{"line":122,"column":51}},"56":{"start":{"line":123,"column":2},"end":{"line":125,"column":3}},"57":{"start":{"line":124,"column":4},"end":{"line":124,"column":18}},"58":{"start":{"line":127,"column":2},"end":{"line":127,"column":56}},"59":{"start":{"line":137,"column":2},"end":{"line":142,"column":29}},"60":{"start":{"line":152,"column":2},"end":{"line":152,"column":61}},"61":{"start":{"line":152,"column":41},"end":{"line":152,"column":59}},"62":{"start":{"line":162,"column":2},"end":{"line":164,"column":3}},"63":{"start":{"line":163,"column":4},"end":{"line":163,"column":15}},"64":{"start":{"line":166,"column":2},"end":{"line":168,"column":3}},"65":{"start":{"line":167,"column":4},"end":{"line":167,"column":42}},"66":{"start":{"line":170,"column":2},"end":{"line":172,"column":3}},"67":{"start":{"line":171,"column":4},"end":{"line":171,"column":51}},"68":{"start":{"line":171,"column":27},"end":{"line":171,"column":42}},"69":{"start":{"line":174,"column":2},"end":{"line":182,"column":3}},"70":{"start":{"line":175,"column":22},"end":{"line":175,"column":29}},"71":{"start":{"line":176,"column":4},"end":{"line":180,"column":5}},"72":{"start":{"line":177,"column":6},"end":{"line":179,"column":7}},"73":{"start":{"line":178,"column":8},"end":{"line":178,"column":45}},"74":{"start":{"line":181,"column":4},"end":{"line":181,"column":21}},"75":{"start":{"line":184,"column":2},"end":{"line":184,"column":13}},"76":{"start":{"line":195,"column":2},"end":{"line":195,"column":37}},"77":{"start":{"line":195,"column":23},"end":{"line":195,"column":37}},"78":{"start":{"line":197,"column":17},"end":{"line":197,"column":32}},"79":{"start":{"line":198,"column":2},"end":{"line":198,"column":29}},"80":{"start":{"line":198,"column":15},"end":{"line":198,"column":29}},"81":{"start":{"line":200,"column":2},"end":{"line":209,"column":3}},"82":{"start":{"line":201,"column":24},"end":{"line":201,"column":35}},"83":{"start":{"line":202,"column":24},"end":{"line":202,"column":35}},"84":{"start":{"line":204,"column":4},"end":{"line":208,"column":5}},"85":{"start":{"line":205,"column":6},"end":{"line":205,"column":70}},"86":{"start":{"line":207,"column":6},"end":{"line":207,"column":63}},"87":{"start":{"line":211,"column":2},"end":{"line":211,"column":39}},"88":{"start":{"line":227,"column":2},"end":{"line":230,"column":4}},"89":{"start":{"line":228,"column":4},"end":{"line":228,"column":28}},"90":{"start":{"line":229,"column":4},"end":{"line":229,"column":55}},"91":{"start":{"line":229,"column":33},"end":{"line":229,"column":46}},"92":{"start":{"line":244,"column":19},"end":{"line":244,"column":24}},"93":{"start":{"line":246,"column":2},"end":{"line":254,"column":4}},"94":{"start":{"line":247,"column":4},"end":{"line":253,"column":5}},"95":{"start":{"line":248,"column":6},"end":{"line":248,"column":20}},"96":{"start":{"line":249,"column":6},"end":{"line":249,"column":24}},"97":{"start":{"line":250,"column":6},"end":{"line":252,"column":16}},"98":{"start":{"line":251,"column":8},"end":{"line":251,"column":27}},"99":{"start":{"line":272,"column":2},"end":{"line":283,"column":3}},"100":{"start":{"line":272,"column":15},"end":{"line":272,"column":16}},"101":{"start":{"line":273,"column":4},"end":{"line":282,"column":5}},"102":{"start":{"line":274,"column":6},"end":{"line":274,"column":24}},"103":{"start":{"line":276,"column":6},"end":{"line":276,"column":33}},"104":{"start":{"line":278,"column":6},"end":{"line":281,"column":7}},"105":{"start":{"line":279,"column":22},"end":{"line":279,"column":51}},"106":{"start":{"line":280,"column":8},"end":{"line":280,"column":27}},"107":{"start":{"line":285,"column":2},"end":{"line":285,"column":19}},"108":{"start":{"line":294,"column":2},"end":{"line":294,"column":57}},"109":{"start":{"line":294,"column":32},"end":{"line":294,"column":55}},"110":{"start":{"line":301,"column":2},"end":{"line":301,"column":78}},"111":{"start":{"line":308,"column":2},"end":{"line":308,"column":62}},"112":{"start":{"line":315,"column":2},"end":{"line":315,"column":71}},"113":{"start":{"line":322,"column":2},"end":{"line":322,"column":58}},"114":{"start":{"line":329,"column":2},"end":{"line":333,"column":4}},"115":{"start":{"line":344,"column":2},"end":{"line":348,"column":3}},"116":{"start":{"line":345,"column":4},"end":{"line":345,"column":34}},"117":{"start":{"line":347,"column":4},"end":{"line":347,"column":24}},"118":{"start":{"line":364,"column":15},"end":{"line":364,"column":30}},"119":{"start":{"line":365,"column":15},"end":{"line":365,"column":18}},"120":{"start":{"line":367,"column":2},"end":{"line":372,"column":3}},"121":{"start":{"line":368,"column":4},"end":{"line":370,"column":5}},"122":{"start":{"line":369,"column":6},"end":{"line":369,"column":31}},"123":{"start":{"line":371,"column":4},"end":{"line":371,"column":25}},"124":{"start":{"line":374,"column":2},"end":{"line":374,"column":16}},"125":{"start":{"line":385,"column":15},"end":{"line":385,"column":30}},"126":{"start":{"line":386,"column":18},"end":{"line":386,"column":29}},"127":{"start":{"line":387,"column":16},"end":{"line":387,"column":19}},"128":{"start":{"line":389,"column":2},"end":{"line":394,"column":3}},"129":{"start":{"line":390,"column":4},"end":{"line":392,"column":5}},"130":{"start":{"line":391,"column":6},"end":{"line":391,"column":24}},"131":{"start":{"line":393,"column":4},"end":{"line":393,"column":27}},"132":{"start":{"line":396,"column":2},"end":{"line":396,"column":27}},"133":{"start":{"line":406,"column":13},"end":{"line":406,"column":14}},"134":{"start":{"line":408,"column":2},"end":{"line":412,"column":3}},"135":{"start":{"line":408,"column":15},"end":{"line":408,"column":16}},"136":{"start":{"line":409,"column":17},"end":{"line":409,"column":34}},"137":{"start":{"line":410,"column":4},"end":{"line":410,"column":39}},"138":{"start":{"line":411,"column":4},"end":{"line":411,"column":23}},"139":{"start":{"line":414,"column":2},"end":{"line":414,"column":24}},"140":{"start":{"line":425,"column":2},"end":{"line":425,"column":36}},"141":{"start":{"line":425,"column":19},"end":{"line":425,"column":36}},"142":{"start":{"line":427,"column":12},"end":{"line":427,"column":16}},"143":{"start":{"line":428,"column":13},"end":{"line":428,"column":40}},"144":{"start":{"line":429,"column":16},"end":{"line":429,"column":49}},"145":{"start":{"line":431,"column":12},"end":{"line":431,"column":53}},"146":{"start":{"line":433,"column":2},"end":{"line":433,"column":75}}},"fnMap":{"0":{"name":"generateId","decl":{"start":{"line":17,"column":16},"end":{"line":17,"column":26}},"loc":{"start":{"line":17,"column":63},"end":{"line":20,"column":1}}},"1":{"name":"generateTimestampId","decl":{"start":{"line":28,"column":16},"end":{"line":28,"column":35}},"loc":{"start":{"line":28,"column":51},"end":{"line":33,"column":1}}},"2":{"name":"formatDate","decl":{"start":{"line":42,"column":16},"end":{"line":42,"column":26}},"loc":{"start":{"line":44,"column":55},"end":{"line":79,"column":1}}},"3":{"name":"formatRelativeTime","decl":{"start":{"line":84,"column":9},"end":{"line":84,"column":27}},"loc":{"start":{"line":84,"column":38},"end":{"line":103,"column":1}}},"4":{"name":"truncateText","decl":{"start":{"line":113,"column":16},"end":{"line":113,"column":28}},"loc":{"start":{"line":116,"column":24},"end":{"line":128,"column":1}}},"5":{"name":"toSlug","decl":{"start":{"line":136,"column":16},"end":{"line":136,"column":22}},"loc":{"start":{"line":136,"column":35},"end":{"line":143,"column":1}}},"6":{"name":"capitalizeWords","decl":{"start":{"line":151,"column":16},"end":{"line":151,"column":31}},"loc":{"start":{"line":151,"column":44},"end":{"line":153,"column":1}}},"7":{"name":"(anonymous_7)","decl":{"start":{"line":152,"column":31},"end":{"line":152,"column":32}},"loc":{"start":{"line":152,"column":41},"end":{"line":152,"column":59}}},"8":{"name":"deepClone","decl":{"start":{"line":161,"column":16},"end":{"line":161,"column":25}},"loc":{"start":{"line":161,"column":35},"end":{"line":185,"column":1}}},"9":{"name":"(anonymous_9)","decl":{"start":{"line":171,"column":19},"end":{"line":171,"column":23}},"loc":{"start":{"line":171,"column":27},"end":{"line":171,"column":42}}},"10":{"name":"deepMerge","decl":{"start":{"line":194,"column":16},"end":{"line":194,"column":25}},"loc":{"start":{"line":194,"column":79},"end":{"line":212,"column":1}}},"11":{"name":"debounce","decl":{"start":{"line":221,"column":16},"end":{"line":221,"column":24}},"loc":{"start":{"line":223,"column":15},"end":{"line":231,"column":1}}},"12":{"name":"(anonymous_12)","decl":{"start":{"line":227,"column":9},"end":{"line":227,"column":10}},"loc":{"start":{"line":227,"column":36},"end":{"line":230,"column":3}}},"13":{"name":"(anonymous_13)","decl":{"start":{"line":229,"column":27},"end":{"line":229,"column":30}},"loc":{"start":{"line":229,"column":33},"end":{"line":229,"column":46}}},"14":{"name":"throttle","decl":{"start":{"line":240,"column":16},"end":{"line":240,"column":24}},"loc":{"start":{"line":242,"column":15},"end":{"line":255,"column":1}}},"15":{"name":"(anonymous_15)","decl":{"start":{"line":246,"column":9},"end":{"line":246,"column":10}},"loc":{"start":{"line":246,"column":36},"end":{"line":254,"column":3}}},"16":{"name":"(anonymous_16)","decl":{"start":{"line":250,"column":17},"end":{"line":250,"column":20}},"loc":{"start":{"line":250,"column":22},"end":{"line":252,"column":7}}},"17":{"name":"retryWithBackoff","decl":{"start":{"line":265,"column":22},"end":{"line":265,"column":38}},"loc":{"start":{"line":268,"column":29},"end":{"line":286,"column":1}}},"18":{"name":"sleep","decl":{"start":{"line":293,"column":16},"end":{"line":293,"column":21}},"loc":{"start":{"line":293,"column":32},"end":{"line":295,"column":1}}},"19":{"name":"(anonymous_19)","decl":{"start":{"line":294,"column":21},"end":{"line":294,"column":28}},"loc":{"start":{"line":294,"column":32},"end":{"line":294,"column":55}}},"20":{"name":"isObject","decl":{"start":{"line":300,"column":16},"end":{"line":300,"column":24}},"loc":{"start":{"line":300,"column":35},"end":{"line":302,"column":1}}},"21":{"name":"isNonEmptyString","decl":{"start":{"line":307,"column":16},"end":{"line":307,"column":32}},"loc":{"start":{"line":307,"column":43},"end":{"line":309,"column":1}}},"22":{"name":"isValidNumber","decl":{"start":{"line":314,"column":16},"end":{"line":314,"column":29}},"loc":{"start":{"line":314,"column":40},"end":{"line":316,"column":1}}},"23":{"name":"isValidDate","decl":{"start":{"line":321,"column":16},"end":{"line":321,"column":27}},"loc":{"start":{"line":321,"column":38},"end":{"line":323,"column":1}}},"24":{"name":"isPromise","decl":{"start":{"line":328,"column":16},"end":{"line":328,"column":25}},"loc":{"start":{"line":328,"column":45},"end":{"line":334,"column":1}}},"25":{"name":"safeJsonParse","decl":{"start":{"line":343,"column":16},"end":{"line":343,"column":29}},"loc":{"start":{"line":343,"column":68},"end":{"line":349,"column":1}}},"26":{"name":"getNestedValue","decl":{"start":{"line":359,"column":16},"end":{"line":359,"column":30}},"loc":{"start":{"line":362,"column":18},"end":{"line":375,"column":1}}},"27":{"name":"setNestedValue","decl":{"start":{"line":384,"column":16},"end":{"line":384,"column":30}},"loc":{"start":{"line":384,"column":65},"end":{"line":397,"column":1}}},"28":{"name":"hashString","decl":{"start":{"line":405,"column":16},"end":{"line":405,"column":26}},"loc":{"start":{"line":405,"column":38},"end":{"line":415,"column":1}}},"29":{"name":"formatFileSize","decl":{"start":{"line":424,"column":16},"end":{"line":424,"column":30}},"loc":{"start":{"line":424,"column":66},"end":{"line":434,"column":1}}}},"branchMap":{"0":{"loc":{"start":{"line":17,"column":44},"end":{"line":17,"column":63}},"type":"default-arg","locations":[{"start":{"line":17,"column":61},"end":{"line":17,"column":63}}]},"1":{"loc":{"start":{"line":19,"column":9},"end":{"line":19,"column":40}},"type":"cond-expr","locations":[{"start":{"line":19,"column":18},"end":{"line":19,"column":35}},{"start":{"line":19,"column":38},"end":{"line":19,"column":40}}]},"2":{"loc":{"start":{"line":32,"column":9},"end":{"line":32,"column":40}},"type":"cond-expr","locations":[{"start":{"line":32,"column":18},"end":{"line":32,"column":35}},{"start":{"line":32,"column":38},"end":{"line":32,"column":40}}]},"3":{"loc":{"start":{"line":44,"column":2},"end":{"line":44,"column":55}},"type":"default-arg","locations":[{"start":{"line":44,"column":50},"end":{"line":44,"column":55}}]},"4":{"loc":{"start":{"line":46,"column":18},"end":{"line":48,"column":10}},"type":"cond-expr","locations":[{"start":{"line":47,"column":6},"end":{"line":47,"column":20}},{"start":{"line":48,"column":6},"end":{"line":48,"column":10}}]},"5":{"loc":{"start":{"line":46,"column":18},"end":{"line":46,"column":70}},"type":"binary-expr","locations":[{"start":{"line":46,"column":18},"end":{"line":46,"column":42}},{"start":{"line":46,"column":46},"end":{"line":46,"column":70}}]},"6":{"loc":{"start":{"line":50,"column":2},"end":{"line":52,"column":3}},"type":"if","locations":[{"start":{"line":50,"column":2},"end":{"line":52,"column":3}},{"start":{},"end":{}}]},"7":{"loc":{"start":{"line":54,"column":2},"end":{"line":78,"column":3}},"type":"switch","locations":[{"start":{"line":55,"column":4},"end":{"line":56,"column":35}},{"start":{"line":58,"column":4},"end":{"line":63,"column":9}},{"start":{"line":65,"column":4},"end":{"line":71,"column":9}},{"start":{"line":73,"column":4},"end":{"line":74,"column":41}},{"start":{"line":76,"column":4},"end":{"line":77,"column":35}}]},"8":{"loc":{"start":{"line":92,
[...]
,"/Users/aninukas/Library/Mobile Documents/com~apple~CloudDocs/devproject/marpmaker/lib/utils/layout.ts": {"path":"/Users/aninukas/Library/Mobile Documents/com~apple~CloudDocs/devproject/marpmaker/lib/utils/layout.ts","statementMap":{"0":{"start":{"line":51,"column":0},"end":{"line":51,"column":16}},"1":{"start":{"line":160,"column":0},"end":{"line":160,"column":16}},"2":{"start":{"line":228,"column":0},"end":{"line":228,"column":16}},"3":{"start":{"line":299,"column":0},"end":{"line":299,"column":16}},"4":{"start":{"line":345,"column":0},"end":{"line":345,"column":16}},"5":{"start":{"line":60,"column":6},"end":{"line":60,"column":13}},"6":{"start":{"line":63,"column":2},"end":{"line":65,"column":3}},"7":{"start":{"line":64,"column":4},"end":{"line":64,"column":19}},"8":{"start":{"line":68,"column":12},"end":{"line":68,"column":19}},"9":{"start":{"line":69,"column":13},"end":{"line":69,"column":20}},"10":{"start":{"line":70,"column":16},"end":{"line":70,"column":23}},"11":{"start":{"line":72,"column":2},"end":{"line":81,"column":3}},"12":{"start":{"line":73,"column":16},"end":{"line":73,"column":44}},"13":{"start":{"line":75,"column":4},"end":{"line":80,"column":5}},"14":{"start":{"line":76,"column":6},"end":{"line":76,"column":20}},"15":{"start":{"line":77,"column":6},"end":{"line":77,"column":20}},"16":{"start":{"line":79,"column":6},"end":{"line":79,"column":21}},"17":{"start":{"line":83,"column":2},"end":{"line":83,"column":17}},"18":{"start":{"line":96,"column":23},"end":{"line":96,"column":37}},"19":{"start":{"line":97,"column":23},"end":{"line":97,"column":66}},"20":{"start":{"line":100,"column":16},"end":{"line":100,"column":53}},"21":{"start":{"line":101,"column":22},"end":{"line":101,"column":51}},"22":{"start":{"line":103,"column":2},"end":{"line":103,"column":42}},"23":{"start":{"line":110,"column":2},"end":{"line":110,"column":34}},"24":{"start":{"line":110,"column":25},"end":{"line":110,"column":34}},"25":{"start":{"line":112,"column":21},"end":{"line":112,"column":37}},"26":{"start":{"line":113,"column":19},"end":{"line":113,"column":20}},"27":{"start":{"line":115,"column":2},"end":{"line":128,"column":3}},"28":{"start":{"line":116,"column":4},"end":{"line":119,"column":5}},"29":{"start":{"line":117,"column":6},"end":{"line":117,"column":22}},"30":{"start":{"line":118,"column":6},"end":{"line":118,"column":15}},"31":{"start":{"line":122,"column":23},"end":{"line":122,"column":24}},"32":{"start":{"line":123,"column":4},"end":{"line":125,"column":5}},"33":{"start":{"line":124,"column":6},"end":{"line":124,"column":46}},"34":{"start":{"line":127,"column":4},"end":{"line":127,"column":57}},"35":{"start":{"line":130,"column":2},"end":{"line":130,"column":20}},"36":{"start":{"line":137,"column":15},"end":{"line":137,"column":33}},"37":{"start":{"line":140,"column":2},"end":{"line":142,"column":3}},"38":{"start":{"line":141,"column":4},"end":{"line":141,"column":15}},"39":{"start":{"line":145,"column":2},"end":{"line":147,"column":3}},"40":{"start":{"line":146,"column":4},"end":{"line":146,"column":15}},"41":{"start":{"line":149,"column":2},"end":{"line":149,"column":13}},"42":{"start":{"line":165,"column":2},"end":{"line":167,"column":3}},"43":{"start":{"line":166,"column":4},"end":{"line":166,"column":14}},"44":{"start":{"line":169,"column":2},"end":{"line":171,"column":3}},"45":{"start":{"line":170,"column":4},"end":{"line":170,"column":20}},"46":{"start":{"line":174,"column":20},"end":{"line":174,"column":41}},"47":{"start":{"line":174,"column":39},"end":{"line":174,"column":40}},"48":{"start":{"line":177,"column":18},"end":{"line":177,"column":39}},"49":{"start":{"line":178,"column":22},"end":{"line":178,"column":60}},"50":{"start":{"line":178,"column":49},"end":{"line":178,"column":56}},"51":{"start":{"line":179,"column":23},"end":{"line":179,"column":48}},"52":{"start":{"line":182,"column":24},"end":{"line":182,"column":26}},"53":{"start":{"line":183,"column":26},"end":{"line":183,"column":28}},"54":{"start":{"line":184,"column":22},"end":{"line":184,"column":23}},"55":{"start":{"line":186,"column":2},"end":{"line":206,"column":3}},"56":{"start":{"line":186,"column":15},"end":{"line":186,"column":16}},"57":{"start":{"line":187,"column":18},"end":{"line":187,"column":27}},"58":{"start":{"line":188,"column":19},"end":{"line":188,"column":29}},"59":{"start":{"line":191,"column":4},"end":{"line":205,"column":5}},"60":{"start":{"line":193,"column":6},"end":{"line":201,"column":7}},"61":{"start":{"line":194,"column":8},"end":{"line":194,"column":34}},"62":{"start":{"line":195,"column":8},"end":{"line":195,"column":31}},"63":{"start":{"line":196,"column":8},"end":{"line":196,"column":31}},"64":{"start":{"line":199,"column":8},"end":{"line":199,"column":33}},"65":{"start":{"line":200,"column":8},"end":{"line":200,"column":32}},"66":{"start":{"line":203,"column":6},"end":{"line":203,"column":31}},"67":{"start":{"line":204,"column":6},"end":{"line":204,"column":30}},"68":{"start":{"line":209,"column":2},"end":{"line":211,"column":3}},"69":{"start":{"line":210,"column":4},"end":{"line":210,"column":30}},"70":{"start":{"line":214,"column":2},"end":{"line":216,"column":3}},"71":{"start":{"line":215,"column":4},"end":{"line":215,"column":20}},"72":{"start":{"line":218,"column":2},"end":{"line":218,"column":16}},"73":{"start":{"line":233,"column":23},"end":{"line":235,"column":44}},"74":{"start":{"line":237,"column":24},"end":{"line":239,"column":44}},"75":{"start":{"line":241,"column":22},"end":{"line":241,"column":50}},"76":{"start":{"line":242,"column":20},"end":{"line":242,"column":48}},"77":{"start":{"line":243,"column":23},"end":{"line":243,"column":46}},"78":{"start":{"line":246,"column":2},"end":{"line":251,"column":3}},"79":{"start":{"line":247,"column":4},"end":{"line":249,"column":null}},"80":{"start":{"line":254,"column":27},"end":{"line":254,"column":64}},"81":{"start":{"line":257,"column":22},"end":{"line":270,"column":null}},"82":{"start":{"line":274,"column":26},"end":{"line":276,"column":60}},"83":{"start":{"line":278,"column":27},"end":{"line":280,"column":60}},"84":{"start":{"line":282,"column":2},"end":{"line":285,"column":4}},"85":{"start":{"line":287,"column":2},"end":{"line":287,"column":24}},"86":{"start":{"line":305,"column":22},"end":{"line":305,"column":44}},"87":{"start":{"line":307,"column":2},"end":{"line":312,"column":3}},"88":{"start":{"line":308,"column":4},"end":{"line":311,"column":6}},"89":{"start":{"line":314,"column":2},"end":{"line":319,"column":3}},"90":{"start":{"line":315,"column":4},"end":{"line":318,"column":6}},"91":{"start":{"line":321,"column":2},"end":{"line":331,"column":3}},"92":{"start":{"line":323,"column":23},"end":{"line":323,"column":46}},"93":{"start":{"line":324,"column":24},"end":{"line":324,"column":49}},"94":{"start":{"line":325,"column":18},"end":{"line":325,"column":51}},"95":{"start":{"line":327,"column":4},"end":{"line":330,"column":6}},"96":{"start":{"line":333,"column":2},"end":{"line":333,"column":50}},"97":{"start":{"line":367,"column":6},"end":{"line":367,"column":13}},"98":{"start":{"line":370,"column":20},"end":{"line":370,"column":21}},"99":{"start":{"line":371,"column":17},"end":{"line":371,"column":26}},"100":{"start":{"line":372,"column":21},"end":{"line":372,"column":22}},"101":{"start":{"line":374,"column":2},"end":{"line":403,"column":3}},"102":{"start":{"line":374,"column":18},"end":{"line":374,"column":19}},"103":{"start":{"line":375,"column":17},"end":{"line":375,"column":44}},"104":{"start":{"line":378,"column":27},"end":{"line":378,"column":60}},"105":{"start":{"line":379,"column":28},"end":{"line":379,"column":62}},"106":{"start":{"line":381,"column":22},"end":{"line":381,"column":43}},"107":{"start":{"line":382,"column":23},"end":{"line":382,"column":45}},"108":{"start":{"line":385,"column":4},"end":{"line":387,"column":5}},"109":{"start":{"line":386,"column":6},"end":{"line":386,"column":15}},"110":{"start":{"line":390,"column":29},"end":{"line":390,"column":52}},"111":{"start":{"line":391,"column":29},"end":{"line":391,"column":53}},"112":{"start":{"line":393,"column":28},"end":{"line":393,"column":65}},"113":{"start":{"line":394,"column":29},"end":{"line":394,"column":67}},"114":{"start":{"line":396,"column":21},"end":{"line":396,"column":55}},"115":{"start":{"line":398,"column":4},"end":{"line":402,"column":5}},"116":{"start":{"line":399,"column":6},"end":{"line":399,"column":25}},"117":{"start":{"line":400,"column":6},"end":{"line":400,"column":22}},"118":{"start":{"line":401,"column":6},"end":{"line":401,"column":30}},"119":{"start":{"line":406,"column":25},"end":{"line":406,"column":65}},"120":{"start":{"line":407,"column":26},"end":{"line":407,"column":64}},"121":{"start":{"line":409,"column":20},"end":{"line":409,"column":60}},"122":{"start":{"line":410,"column":21},"end":{"line":410,"column":59}},"123":{"start":{"line":412,"column":2},"end":{"line":418,"column":4}}},"fnMap":{"0":{"name":"calculateOptimalFontSize","decl":{"start":{"line":51,"column":16},"end":{"line":51,"column":40}},"loc":{"start":{"line":54,"column":31},"end":{"line":84,"column":1}}},"1":{"name":"textFitsInDimensions","decl":{"start":{"line":89,"column":9},"end":{"line":89,"column":29}},"loc":{"start":{"line":93,"column":20},"end":{"line":104,"column":1}}},"2":{"name":"estimateLineCount","decl":{"start":{"line":109,"column":9},"end":{"line":109,"column":26}},"loc":{"start":{"line":109,"column":61},"end":{"line":131,"column":1}}},"3":{"name":"getCharacterWidth","decl":{"start":{"line":136,"column":9},"end":{"line":136,"column":26}},"loc":{"start":{"line":136,"column":39},"end":{"line":150,"column":1}}},"4":{"name":"distributeContent","decl":{"start":{"line":160,"column":16},"end":{"line":160,"column":33}},"loc":{"start":{"line":163,"column":33},"end":{"line":219,"column":1}}},"5":{"name":"(anonymous_5)","decl":{"start":{"line":174,"column":33},"end":{"line":174,"column":36}},"loc":{"start":{"line":174,"column":39},"end":{"line":174,"column":40}}},"6":{"name":"(anonymous_6)","decl":{"start":{"line":178,"column":37},"end":{"line":178,"column":38}},"loc":{"start":{"line":178,"column":49},"end":{"line":178,"column":56}}},"7":{"name":"calculateResponsiveDimensions","decl":{"start":{"line":299,"column":16},"end":{"line":299,"column":45}},"loc":{"start":{"line":303,"column":23},"end":{"line":334,"column":1}}},"8":{"name":"generateGridLayout","decl":{"start":{"line":345,"column":16},"end":{"line":345,"column":34}},"loc":{"start":{"line":354,"column":8},"end":{"line":419,"column":1}}}},"branchMap":{"0":{"loc":{"start":{"line":54,"column":2},"end":{"line":54,"column":31}},"type":"default-arg","locations":[{"start":{"line":54,"column":29},"end":{"line":54,"column":31}}]},"1":{"loc":{"start":{"line":57,"column":4},"end":{"line":57,"column":16}},"type":"default-arg","locations":[{"start":{"line":57,"column":14},"end":{"line":57,"column":16}}]},"2":{"loc":{"start":{"line":58,"column":4},"end":{"line":58,"column":16}},"type":"default-arg","locations":[{"start":{"line":58,"column":14},"end":{"line":58,"column":16}}]},"3":{"loc":{"start":{"line":59,"column":4},"end":{"line":59,"column":20}},"type":"default-arg","locations":[{"start":{"line":59,"column":17},"end":{"line":59,"column":20}}]},"4":{"loc":{"start":{"line":63,"column":2},"end":{"line":65,"column":3}},"type":"if","locations":[{"start":{"line":63,"column":2},"end":{"line":65,"column":3}},{"start":{},"end":{}}]},"5":{"loc":{"start":{"line":63,"column":6},"end":{"line":63,"column":62}},"type":"binary-expr","locations":[{"start":{"line":63,"column":6},"end":{"line":63,"column":11}},{"start":{"line":63,"column":15},"end":{"line":63,"column":36}},{"start":{"line":63,"column":40},"end":{"line":63,"column":62}}]},"6":{"loc":{"start":{"line":75,"column":4},"end":{"line":80,"column":5}},"type":"if","locations":[{"start":{"line":75,"column":4},"end":{"line":80,"column":5}},{"start":{"line":78,"column":11},"end":{"line":80,"column":5}}]},"7":{"loc":{"start":{"line":110,"column":2},"end":{"line":110,"column":34}},"type":"if","locations":[{"start":{"line":110,"column":2},"end":{"line":110,"column":34}},{"start":{},"end":{}}]},"8":{"loc":{"start":{"line":116,"column":4},"end":{"line":119,"column":5}},"type":"if","locations":[{"start":{"line":116,"column":4},"end":{"line":119,"column":5}},{"start":{},"end":{}}]},"9":{"loc":{"start":{"line":140,"column":2},"end":{"line":142,"column":3}},"type":"if","locations":[{"start":{"line":140,"column":2},"end":{"line":142,"column":3}},{"start":{},"end":{}}]},"10":{"loc":{"start":{"line":140,"column":6},"end":{"line":140,"column":38}},"type":"binary-expr","locations":[{"start":{"line":140,"column":6},"end":{"line":140,"column":20}},{"start":{"line":140,"column":24},"end":{"line":140,"column":38}}]},"11":{"loc":{"start":{"line":145,"column":2},"end":{"line":147,"column":3}},"type":"if","locations":[{"start":{"line":145,"column":2},"end":{"line":147,"column":3}},{"start":{},"end":{}}]},"12":{"loc":{"start":{"line":145,"column":6},"end":{"line":145,"column":78}},"type":"binary-expr","locations":[{"start":{"line":145,"column":7},"end":{"line":145,"column":21}},{"start":{"line":145,"column":25},"end":{"line":145,"column":39}},{"start":{"line":145,"column":45},"end":{"line":145,"column":59}},{"start":{"line":145,"column":63},"end":{"line":145,"column":77}}]},"13":{"loc":{"start":{"line":165,"column":2},"end":{"line":167,"column":3}},"type":"if","locations":[{"start":{"line":165,"column":2},"end":{"line":167,"column":3}},{"start":{},"end":{}}]},"14":{"loc":{"start":{"line":165,"column":6},"end":{"line":165,"column":45}},"type":"binary-expr","locations":[{"start":{"line":165,"column":6},"end":{"line":165,"column":25}},{"start":{"line":165,"column":29},"end":{"line":165,"column":45}}]},"15":{"loc":{"start":{"line":169,"column":2},"end":{"line":171,"column":3}},"type":"if","locations":[{"start":{"line":169,"column":2},"end":{"line":171,"column":3}},{"start":{},"end":{}}]},"16":{"loc":{"start":{"line":174,"column":20},"end":{"line":174,"column":41}},"type":"binary-expr","locations":[{"start":{"line":174,"column":20},"end":{"line":174,"column":28}},{"start":{"line":174,"column":33},"end":{"line":174,"column":40}}]},"17":{"loc":{"start":{"line":191,"column":4},"end":{"line":205,"column":5}},"type":"if","locations":[{"start":{"line":191,"column":4},"end":{"line":205,"column":5}},{"start":{"line":202,"column":11},"end":{"line":205,"column":5}}]},"18":{"loc":{"start":{"line":191,"column":8},"end":{"line":191,"column":72}},"type":"binary-expr","locations":[{"start":{"line":191,"column":8},"end":{"line":191,"column":45}},{"start":{"line":191,"column":49},"end":{"line":191,"column":72}}]},"19":{"loc":{"start":{"line":193,"column":6},"end":{"line":201,"column":7}},"type":"if","locations":[{"start":{"line":193,"column":6},"end":{"line":201,"column":7}},{"start":{"line":197,"column":13},"end":{"line":201,"column":7}}]},"20":{"loc":{"start":{"line":209,"column":2},"end":{"line":211,"column":3}},"type":"if","locations":[{"start":{"line":209,"column":2},"end":{"line":211,"column":3}},{"start":{},"end":{}}]},"21":{"loc":{"start":{"line":230,"column":2},"end":{"line":230,"column":29}},"type":"default-arg","locations":[{"start":{"line":230,"column":24},"end":{"line":230,"column":29}}]},"22":{"loc":{"start":{"line":246,"column":2},"end":{"line":251,"column":3}},"type":"if","locations":[{"start":{"line":246,"column":2},"end":{"line":251,"column":3}},{"start":{},"end":{}}]},"23":{"loc":{"start":{"line":307,"column":2},"end":{"line":312,"column":3}},"type":"if","locations":[{"start":{"line":307,"column":2},"end":{"line":312,"column":3}},{"start":{},"end":{}}]},"24":{"loc":{"start":{"line":307,"column":6},"end":{"line":307,"column":34}},"type":"binary-expr","locations":[{"start":{"line":307,"column":6},"end":{"line":307,"column":17}},{"start":{"line":307,"column":21},"end":{"line":307,"column":34}}]},"25":{"loc":{"start":{"line":314,"column":2},"end":{"line":319,"column":3}},"type":"if","locations":[{"start":{"line":314,"column":2},"end":{"line":319,"column":3}},{"start":{},"end":{}}]},"26":{"loc":{"start":{"line":314,"column":6},"end":{"line":314,"column":34}},"type":"binary-expr","locations":[{"start":{"line":314,"column":6},"end":{"line":314,"column":18}},{"start":{"line":314,"column":22},"end":{"line":314,"column":34}}]},"27":{"loc":{"start":{"line":321,"column":2},"end":{"line":331,"column":3}},"type":"if","locations":[{"start":{"line":321,"column":2},"end":{"line":331,"column":3}},{"start":{},"end":{}}]},"28":{"loc":{"start":{"line":321,"column":6},"end":{"line":321,"column":33}},"type":"binary-expr","locations":[{"start":{"line":321,"column":6},"end":{"line":321,"column":17}},{"start":{"line":321,"column":21},"end":{"line":321,"column":33}}]},"29":{"loc":{"start":{"line":349,"column":2},"end":{"line":354,"column":8}},"type":"default-arg","locations":[{"start":{"line":354,"column":6},"end":{"line":354,"column":8}}]},"30":{"loc":{"start":{"line":363,"column":4},"end":{"line":363,"column":22}},"type":"default-arg","locations":[{"start":{"line":363,"column":19},"end":{"line":363,"column":22}}]},"31":{"loc":{"start":{"line":364,"column":4},"end":{"line":364,"column":23}},"type":"default-arg","locations":[{"start":{"line":364,"column":20},"end":{"line":364,"column":23}}]},"32":{"loc":{"start":{"line":365,"column":4},"end":{"line":365,"column":12}},"type":"default-arg","locations":[{"start":{"line":365,"column":10},"end":{"line":365,"column":12}}]},"33":{"loc":{"start":{"line":366,"column":4},"end":{"line":366,"column":21}},"type":"default-arg","locations":[{"start":{"line":366,"column":18},"end":{"line":366,"column":21}}]},"34":{"loc":{"start":{"line":385,"column":4},"end":{"line":387,"column":5}},"type":"if","locations":[{"start":{"line":385,"column":4},"end":{"line":387,"column":5}},{"start":{},"end":{}}]},"35":{"loc":{"start":{"line":385,"column":8},"end":{"line":385,"column":62}},"type":"binary-expr","locations":[{"start":{"line":385,"column":8},"end":{"line":385,"column":32}},{"start":{"line":385,"column":36},"end":{"line":385,"column":62}}]},"36":{"loc":{"start":{"line":398,"column":4},"end":{"line":402,"column":5}},"type":"if","locations":[{"start":{"line":398,"column":4},"end":{"line":402,"column":5}},{"start":{},"end":{}}]}},"s":{"0":0,"1":0,"2":0,"3":0,"4":0,"5":0,"6":0,"7":0,"8":0,"9":0,"10":0,"11":0,"12":0,"13":0,"14":0,"15":0,"16":0,"17":0,"18":0,"19":0,"20":0,"21":0,"22":0,"23":0,"24":0,"25":0,"26":0,"27":0,"28":0,"29":0,"30":0,"31":0,"32":0,"33":0,"34":0,"35":0,"36":0,"37":0,"38":0,"39":0,"40":0,"41":0,"42":0,"43":0,"44":0,"45":0,"46":0,"47":0,"48":0,"49":0,"50":0,"51":0,"52":0,"53":0,"54":0,"55":0,"56":0,"57":0,"58":0,"59":0,"60":0,"61":0,"62":0,"63":0,"64":0,"65":0,"66":0,"67":0,"68":0,"69":0,"70":0,"71":0,"72":0,"73":0,"74":0,"75":0,"76":0,"77":0,"78":0,"79":0,"80":0,"81":0,"82":0,"83":0,"84":0,"85":0,"86":0,"87":0,"88":0,"89":0,"90":0,"91":0,"92":0,"93":0,"94":0,"95":0,"96":0,"97":0,"98":0,"99":0,"100":0,"101":0,"102":0,"103":0,"104":0,"105":0,"106":0,"107":0,"108":0,"109":0,"110":0,"111":0,"112":0,"113":0,"114":0,"115":0,"116":0,"117":0,"118":0,"119":0,"120":0,"121":0,"122":0,"123":0},"f":{"0":0,"1":0,"2":0,"3":0,"4":0,"5":0,"6":0,"7":0,"8":0},"b":{"0":[0],"1":[0],"2":[0],"3":[0],"4":[0,0],"5":[0,0,0],"6":[0,0],"7":[0,0],"8":[0,0],"9":[0,0],"10":[0,0],"11":[0,0],"12":[0,0,0,0],"13":[0,0],"14":[0,0],"15":[0,0],"16":[0,0],"17":[0,0],"18":[0,0],"19":[0,0],"20":[0,0],"21":[0],"22":[0,0],"23":[0,0],"24":[0,0],"25":[0,0],"26":[0,0],"27":[0,0],"28":[0,0],"29":[0],"30":[0],"31":[0],"32":[0],"33":[0],"34":[0,0],"35":[0,0],"36":[0,0]}}
}
