TN:
SF:lib/parser/DocumentParser.ts
FN:34,(anonymous_1)
FN:61,(anonymous_2)
FN:110,(anonymous_3)
FN:147,(anonymous_4)
FN:158,(anonymous_5)
FN:179,(anonymous_6)
FN:198,(anonymous_7)
FN:213,(anonymous_8)
FN:295,(anonymous_9)
FN:319,(anonymous_10)
FN:368,(anonymous_11)
FN:389,(anonymous_12)
FN:390,(anonymous_13)
FN:391,(anonymous_14)
FN:391,(anonymous_15)
FN:446,(anonymous_16)
FNF:16
FNH:16
FNDA:31,(anonymous_1)
FNDA:21,(anonymous_2)
FNDA:19,(anonymous_3)
FNDA:23,(anonymous_4)
FNDA:21,(anonymous_5)
FNDA:15,(anonymous_6)
FNDA:5,(anonymous_7)
FNDA:15,(anonymous_8)
FNDA:89,(anonymous_9)
FNDA:90,(anonymous_10)
FNDA:81,(anonymous_11)
FNDA:20,(anonymous_12)
FNDA:20,(anonymous_13)
FNDA:20,(anonymous_14)
FNDA:58,(anonymous_15)
FNDA:42,(anonymous_16)
DA:5,1
DA:15,1
DA:16,1
DA:30,1
DA:36,31
DA:48,31
DA:55,31
DA:62,21
DA:64,21
DA:67,15
DA:70,15
DA:71,15
DA:72,15
DA:73,15
DA:76,15
DA:80,15
DA:83,15
DA:86,15
DA:88,15
DA:96,6
DA:97,6
DA:99,0
DA:111,19
DA:116,19
DA:117,19
DA:121,19
DA:122,19
DA:123,16
DA:127,19
DA:128,19
DA:129,3
DA:132,19
DA:133,19
DA:134,3
DA:135,3
DA:136,3
DA:137,3
DA:141,19
DA:148,23
DA:149,1
DA:152,22
DA:159,21
DA:160,5
DA:167,16
DA:168,16
DA:169,1
DA:180,15
DA:183,15
DA:184,1
DA:186,15
DA:187,1
DA:189,15
DA:190,1
DA:192,15
DA:193,1
DA:197,15
DA:198,15
DA:200,15
DA:201,1
DA:202,1
DA:203,1
DA:207,15
DA:214,15
DA:215,15
DA:216,15
DA:217,15
DA:218,15
DA:220,15
DA:221,1287
DA:224,1287
DA:226,179
DA:228,89
DA:229,74
DA:230,74
DA:231,74
DA:235,89
DA:238,89
DA:239,89
DA:240,89
DA:243,89
DA:251,89
DA:254,89
DA:255,89
DA:256,89
DA:258,89
DA:261,90
DA:262,90
DA:263,90
DA:264,90
DA:265,74
DA:272,15
DA:273,15
DA:274,15
DA:275,15
DA:279,15
DA:280,0
DA:289,15
DA:297,89
DA:298,63
DA:301,89
DA:303,15
DA:306,74
DA:307,74
DA:308,27
DA:310,74
DA:313,89
DA:320,90
DA:321,90
DA:323,90
DA:331,90
DA:334,39
DA:335,39
DA:336,39
DA:339,39
DA:340,39
DA:343,0
DA:344,0
DA:347,16
DA:348,16
DA:349,16
DA:354,16
DA:355,16
DA:356,16
DA:357,16
DA:359,16
DA:360,463
DA:361,463
DA:362,463
DA:363,463
DA:366,16
DA:367,16
DA:368,81
DA:370,16
DA:371,16
DA:375,7
DA:376,7
DA:377,7
DA:379,7
DA:380,323
DA:381,323
DA:382,323
DA:383,323
DA:386,7
DA:388,7
DA:389,20
DA:390,20
DA:391,58
DA:392,7
DA:393,7
DA:394,7
DA:397,0
DA:398,0
DA:405,0
DA:409,12
DA:410,12
DA:411,12
DA:413,12
DA:414,66
DA:415,66
DA:416,66
DA:417,18
DA:419,66
DA:422,12
DA:423,12
DA:424,12
DA:428,0
DA:429,0
DA:430,0
DA:433,0
DA:434,0
DA:437,0
DA:440,90
DA:447,42
DA:449,42
DA:450,89
DA:456,89
DA:457,27
DA:461,42
LF:178
LH:165
BRDA:71,0,0,15
BRDA:71,0,1,0
BRDA:89,1,0,15
BRDA:89,1,1,14
BRDA:96,2,0,6
BRDA:96,2,1,0
BRDA:101,3,0,0
BRDA:101,3,1,0
BRDA:116,4,0,19
BRDA:116,4,1,0
BRDA:122,5,0,16
BRDA:122,5,1,3
BRDA:128,6,0,3
BRDA:128,6,1,16
BRDA:133,7,0,3
BRDA:133,7,1,16
BRDA:136,8,0,3
BRDA:136,8,1,0
BRDA:148,9,0,1
BRDA:148,9,1,22
BRDA:159,10,0,5
BRDA:159,10,1,16
BRDA:159,11,0,21
BRDA:159,11,1,17
BRDA:168,12,0,1
BRDA:168,12,1,15
BRDA:183,13,0,1
BRDA:183,13,1,14
BRDA:183,14,0,15
BRDA:183,14,1,14
BRDA:184,15,0,1
BRDA:184,15,1,0
BRDA:186,16,0,1
BRDA:186,16,1,14
BRDA:186,17,0,15
BRDA:186,17,1,14
BRDA:187,18,0,1
BRDA:187,18,1,0
BRDA:189,19,0,1
BRDA:189,19,1,14
BRDA:189,20,0,15
BRDA:189,20,1,14
BRDA:190,21,0,1
BRDA:190,21,1,0
BRDA:192,22,0,1
BRDA:192,22,1,14
BRDA:192,23,0,15
BRDA:192,23,1,14
BRDA:192,23,2,14
BRDA:193,24,0,1
BRDA:193,24,1,0
BRDA:193,24,2,0
BRDA:200,25,0,1
BRDA:200,25,1,14
BRDA:224,26,0,1108
BRDA:224,26,1,179
BRDA:226,27,0,89
BRDA:226,27,1,90
BRDA:228,28,0,74
BRDA:228,28,1,15
BRDA:239,29,0,89
BRDA:239,29,1,0
BRDA:239,30,0,89
BRDA:239,30,1,89
BRDA:255,31,0,178
BRDA:255,31,1,178
BRDA:262,32,0,90
BRDA:262,32,1,0
BRDA:264,33,0,74
BRDA:264,33,1,16
BRDA:272,34,0,15
BRDA:272,34,1,0
BRDA:279,35,0,0
BRDA:279,35,1,15
BRDA:279,36,0,15
BRDA:279,36,1,0
BRDA:297,37,0,152
BRDA:297,37,1,137
BRDA:301,38,0,15
BRDA:301,38,1,74
BRDA:307,39,0,27
BRDA:307,39,1,47
BRDA:321,40,0,0
BRDA:321,40,1,90
BRDA:331,41,0,39
BRDA:331,41,1,0
BRDA:331,41,2,16
BRDA:331,41,3,9
BRDA:331,41,4,16
BRDA:331,41,5,7
BRDA:331,41,6,0
BRDA:331,41,7,12
BRDA:331,41,8,0
BRDA:331,41,9,0
BRDA:335,42,0,39
BRDA:335,42,1,0
BRDA:335,43,0,39
BRDA:335,43,1,39
BRDA:359,44,0,479
BRDA:359,44,1,479
BRDA:360,45,0,21
BRDA:360,45,1,442
BRDA:361,46,0,37
BRDA:361,46,1,426
BRDA:362,47,0,447
BRDA:362,47,1,16
BRDA:368,48,0,33
BRDA:368,48,1,48
BRDA:379,49,0,330
BRDA:379,49,1,329
BRDA:380,50,0,0
BRDA:380,50,1,323
BRDA:381,51,0,7
BRDA:381,51,1,316
BRDA:382,52,0,316
BRDA:382,52,1,7
BRDA:401,53,0,0
BRDA:401,53,1,0
BRDA:402,54,0,0
BRDA:402,54,1,0
BRDA:403,55,0,0
BRDA:403,55,1,0
BRDA:413,56,0,78
BRDA:413,56,1,78
BRDA:414,57,0,0
BRDA:414,57,1,66
BRDA:415,58,0,12
BRDA:415,58,1,54
BRDA:416,59,0,18
BRDA:416,59,1,48
BRDA:416,60,0,66
BRDA:416,60,1,54
BRDA:429,61,0,0
BRDA:429,61,1,0
BRDA:429,62,0,0
BRDA:429,62,1,0
BRDA:440,63,0,90
BRDA:440,63,1,0
BRDA:446,64,0,15
BRDA:456,65,0,27
BRDA:456,65,1,62
BRDA:456,66,0,89
BRDA:456,66,1,27
BRF:143
BRH:108
end_of_record
TN:
SF:lib/parser/index.ts
FN:5,(anonymous_4)
FN:6,(anonymous_5)
FN:6,(anonymous_6)
FN:6,(anonymous_7)
FNF:4
FNH:0
FNDA:0,(anonymous_4)
FNDA:0,(anonymous_5)
FNDA:0,(anonymous_6)
FNDA:0,(anonymous_7)
DA:5,0
DA:6,0
DA:7,0
LF:3
LH:0
BRF:0
BRH:0
end_of_record
TN:
SF:lib/parser/types.ts
FN:24,(anonymous_0)
FN:35,(anonymous_1)
FNF:2
FNH:2
FNDA:1,(anonymous_0)
FNDA:6,(anonymous_1)
DA:24,1
DA:25,1
DA:26,1
DA:27,1
DA:28,1
DA:34,1
DA:36,6
DA:38,6
DA:40,6
DA:41,6
LF:10
LH:10
BRDA:24,0,0,1
BRDA:24,0,1,1
BRF:2
BRH:2
end_of_record
TN:
SF:lib/parser/utils.ts
FN:19,generateId
FN:28,extractFrontMatter
FN:56,(anonymous_2)
FN:83,detectLanguageFromContent
FN:99,parseListItems
FN:129,parseTable
FN:172,parseCodeBlockInfo
FN:202,parseLineNumbers
FN:217,(anonymous_8)
FN:223,getBlockType
FN:251,calculateSuggestedSlideCount
FNF:11
FNH:11
FNDA:103,generateId
FNDA:15,extractFrontMatter
FNDA:2,(anonymous_2)
FNDA:22,detectLanguageFromContent
FNDA:16,parseListItems
FNDA:7,parseTable
FNDA:16,parseCodeBlockInfo
FNDA:6,parseLineNumbers
FNDA:18,(anonymous_8)
FNDA:90,getBlockType
FNDA:89,calculateSuggestedSlideCount
DA:5,1
DA:19,1
DA:20,103
DA:21,103
DA:28,1
DA:32,15
DA:33,15
DA:35,15
DA:36,14
DA:39,1
DA:40,1
DA:43,1
DA:44,1
DA:46,1
DA:47,5
DA:48,5
DA:49,5
DA:50,5
DA:53,5
DA:55,1
DA:56,2
DA:59,4
DA:62,4
DA:63,1
DA:64,1
DA:65,1
DA:67,0
DA:70,3
DA:76,1
DA:83,1
DA:85,22
DA:88,22
DA:89,22
DA:90,22
DA:93,22
DA:99,1
DA:100,16
DA:101,16
DA:102,16
DA:104,16
DA:105,447
DA:107,447
DA:108,21
DA:109,21
DA:110,426
DA:111,21
DA:112,405
DA:113,81
DA:114,324
DA:115,81
DA:123,16
DA:129,1
DA:130,7
DA:131,7
DA:132,7
DA:133,7
DA:134,7
DA:136,7
DA:137,316
DA:139,316
DA:140,7
DA:141,309
DA:142,7
DA:143,302
DA:144,27
DA:145,275
DA:146,20
DA:149,20
DA:151,20
DA:152,255
DA:153,78
DA:154,177
DA:155,78
DA:156,99
DA:157,78
DA:158,78
DA:159,20
DA:160,58
DA:161,58
DA:166,7
DA:172,1
DA:173,16
DA:175,10
DA:176,10
DA:181,10
DA:182,6
DA:185,6
DA:186,0
DA:190,6
DA:191,6
DA:192,6
DA:196,10
DA:203,6
DA:204,6
DA:206,6
DA:207,12
DA:208,6
DA:209,6
DA:210,18
DA:213,6
DA:217,18
DA:223,1
DA:224,90
DA:226,39
DA:229,16
DA:232,16
DA:234,7
DA:236,0
DA:238,12
DA:240,0
DA:242,0
DA:244,0
DA:251,1
DA:252,89
DA:254,89
DA:255,90
DA:258,39
DA:259,39
DA:260,39
DA:263,16
DA:264,16
DA:265,16
DA:268,16
DA:269,16
DA:272,7
DA:273,7
DA:276,0
DA:277,0
DA:280,12
DA:284,89
LF:130
LH:122
BRDA:21,0,0,103
BRDA:21,0,1,0
BRDA:35,1,0,14
BRDA:35,1,1,1
BRDA:48,2,0,5
BRDA:48,2,1,0
BRDA:53,3,0,1
BRDA:53,3,1,4
BRDA:53,4,0,5
BRDA:53,4,1,1
BRDA:62,5,0,1
BRDA:62,5,1,3
BRDA:62,6,0,4
BRDA:62,6,1,3
BRDA:64,7,0,1
BRDA:64,7,1,0
BRDA:89,8,0,22
BRDA:89,8,1,19
BRDA:93,9,0,3
BRDA:93,9,1,19
BRDA:99,10,0,0
BRDA:107,11,0,21
BRDA:107,11,1,426
BRDA:107,12,0,447
BRDA:107,12,1,441
BRDA:110,13,0,21
BRDA:110,13,1,405
BRDA:110,14,0,426
BRDA:110,14,1,420
BRDA:112,15,0,81
BRDA:112,15,1,324
BRDA:114,16,0,81
BRDA:114,16,1,243
BRDA:114,17,0,324
BRDA:114,17,1,81
BRDA:114,17,2,81
BRDA:139,18,0,7
BRDA:139,18,1,309
BRDA:141,19,0,7
BRDA:141,19,1,302
BRDA:143,20,0,27
BRDA:143,20,1,275
BRDA:145,21,0,20
BRDA:145,21,1,255
BRDA:145,22,0,275
BRDA:145,22,1,27
BRDA:146,23,0,0
BRDA:146,23,1,20
BRDA:152,24,0,78
BRDA:152,24,1,177
BRDA:152,25,0,255
BRDA:152,25,1,235
BRDA:154,26,0,78
BRDA:154,26,1,99
BRDA:154,27,0,177
BRDA:154,27,1,157
BRDA:154,27,2,78
BRDA:156,28,0,78
BRDA:156,28,1,21
BRDA:156,29,0,99
BRDA:156,29,1,78
BRDA:158,30,0,20
BRDA:158,30,1,58
BRDA:158,31,0,78
BRDA:158,31,1,20
BRDA:160,32,0,58
BRDA:160,32,1,0
BRDA:173,33,0,6
BRDA:173,33,1,10
BRDA:177,34,0,10
BRDA:177,34,1,0
BRDA:185,35,0,0
BRDA:185,35,1,6
BRDA:185,36,0,6
BRDA:185,36,1,6
BRDA:191,37,0,6
BRDA:191,37,1,0
BRDA:207,38,0,6
BRDA:207,38,1,6
BRDA:224,39,0,39
BRDA:224,39,1,9
BRDA:224,39,2,16
BRDA:224,39,3,0
BRDA:224,39,4,16
BRDA:224,39,5,7
BRDA:224,39,6,0
BRDA:224,39,7,12
BRDA:224,39,8,0
BRDA:224,39,9,0
BRDA:224,39,10,0
BRDA:255,40,0,39
BRDA:255,40,1,16
BRDA:255,40,2,16
BRDA:255,40,3,7
BRDA:255,40,4,0
BRDA:255,40,5,12
BRDA:263,41,0,16
BRDA:263,41,1,0
BRDA:263,42,0,0
BRDA:263,42,1,16
BRDA:263,43,0,16
BRDA:263,43,1,16
BRDA:263,44,0,0
BRDA:263,44,1,16
BRDA:263,45,0,16
BRDA:263,45,1,16
BRF:106
BRH:88
end_of_record
TN:
SF:lib/utils/common.ts
FN:17,generateId
FN:28,generateTimestampId
FN:42,formatDate
FN:84,formatRelativeTime
FN:113,truncateText
FN:136,toSlug
FN:151,capitalizeWords
FN:152,(anonymous_7)
FN:161,deepClone
FN:171,(anonymous_9)
FN:194,deepMerge
FN:221,debounce
FN:227,(anonymous_12)
FN:229,(anonymous_13)
FN:240,throttle
FN:246,(anonymous_15)
FN:250,(anonymous_16)
FN:265,retryWithBackoff
FN:293,sleep
FN:294,(anonymous_19)
FN:300,isObject
FN:307,isNonEmptyString
FN:314,isValidNumber
FN:321,isValidDate
FN:328,isPromise
FN:343,safeJsonParse
FN:359,getNestedValue
FN:384,setNestedValue
FN:405,hashString
FN:424,formatFileSize
FNF:30
FNH:0
FNDA:0,generateId
FNDA:0,generateTimestampId
FNDA:0,formatDate
FNDA:0,formatRelativeTime
FNDA:0,truncateText
FNDA:0,toSlug
FNDA:0,capitalizeWords
FNDA:0,(anonymous_7)
FNDA:0,deepClone
FNDA:0,(anonymous_9)
FNDA:0,deepMerge
FNDA:0,debounce
FNDA:0,(anonymous_12)
FNDA:0,(anonymous_13)
FNDA:0,throttle
FNDA:0,(anonymous_15)
FNDA:0,(anonymous_16)
FNDA:0,retryWithBackoff
FNDA:0,sleep
FNDA:0,(anonymous_19)
FNDA:0,isObject
FNDA:0,isNonEmptyString
FNDA:0,isValidNumber
FNDA:0,isValidDate
FNDA:0,isPromise
FNDA:0,safeJsonParse
FNDA:0,getNestedValue
FNDA:0,setNestedValue
FNDA:0,hashString
FNDA:0,formatFileSize
DA:8,0
DA:17,0
DA:18,0
DA:19,0
DA:28,0
DA:29,0
DA:30,0
DA:31,0
DA:32,0
DA:42,0
DA:46,0
DA:50,0
DA:51,0
DA:54,0
DA:56,0
DA:59,0
DA:66,0
DA:74,0
DA:77,0
DA:85,0
DA:86,0
DA:87,0
DA:88,0
DA:89,0
DA:90,0
DA:92,0
DA:93,0
DA:94,0
DA:95,0
DA:96,0
DA:97,0
DA:98,0
DA:99,0
DA:101,0
DA:113,0
DA:118,0
DA:119,0
DA:122,0
DA:123,0
DA:124,0
DA:127,0
DA:136,0
DA:137,0
DA:151,0
DA:152,0
DA:161,0
DA:162,0
DA:163,0
DA:166,0
DA:167,0
DA:170,0
DA:171,0
DA:174,0
DA:175,0
DA:176,0
DA:177,0
DA:178,0
DA:181,0
DA:184,0
DA:194,0
DA:195,0
DA:197,0
DA:198,0
DA:200,0
DA:201,0
DA:202,0
DA:204,0
DA:205,0
DA:207,0
DA:211,0
DA:221,0
DA:227,0
DA:228,0
DA:229,0
DA:240,0
DA:244,0
DA:246,0
DA:247,0
DA:248,0
DA:249,0
DA:250,0
DA:251,0
DA:265,0
DA:272,0
DA:273,0
DA:274,0
DA:276,0
DA:278,0
DA:279,0
DA:280,0
DA:285,0
DA:293,0
DA:294,0
DA:300,0
DA:301,0
DA:307,0
DA:308,0
DA:314,0
DA:315,0
DA:321,0
DA:322,0
DA:328,0
DA:329,0
DA:343,0
DA:344,0
DA:345,0
DA:347,0
DA:359,0
DA:364,0
DA:365,0
DA:367,0
DA:368,0
DA:369,0
DA:371,0
DA:374,0
DA:384,0
DA:385,0
DA:386,0
DA:387,0
DA:389,0
DA:390,0
DA:391,0
DA:393,0
DA:396,0
DA:405,0
DA:406,0
DA:408,0
DA:409,0
DA:410,0
DA:411,0
DA:414,0
DA:424,0
DA:425,0
DA:427,0
DA:428,0
DA:429,0
DA:431,0
DA:433,0
LF:138
LH:0
BRDA:17,0,0,0
BRDA:19,1,0,0
BRDA:19,1,1,0
BRDA:32,2,0,0
BRDA:32,2,1,0
BRDA:44,3,0,0
BRDA:46,4,0,0
BRDA:46,4,1,0
BRDA:46,5,0,0
BRDA:46,5,1,0
BRDA:50,6,0,0
BRDA:50,6,1,0
BRDA:54,7,0,0
BRDA:54,7,1,0
BRDA:54,7,2,0
BRDA:54,7,3,0
BRDA:54,7,4,0
BRDA:92,8,0,0
BRDA:92,8,1,0
BRDA:94,9,0,0
BRDA:94,9,1,0
BRDA:95,10,0,0
BRDA:95,10,1,0
BRDA:96,11,0,0
BRDA:96,11,1,0
BRDA:97,12,0,0
BRDA:97,12,1,0
BRDA:98,13,0,0
BRDA:98,13,1,0
BRDA:99,14,0,0
BRDA:99,14,1,0
BRDA:116,15,0,0
BRDA:118,16,0,0
BRDA:118,16,1,0
BRDA:118,17,0,0
BRDA:118,17,1,0
BRDA:123,18,0,0
BRDA:123,18,1,0
BRDA:162,19,0,0
BRDA:162,19,1,0
BRDA:162,20,0,0
BRDA:162,20,1,0
BRDA:166,21,0,0
BRDA:166,21,1,0
BRDA:170,22,0,0
BRDA:170,22,1,0
BRDA:174,23,0,0
BRDA:174,23,1,0
BRDA:177,24,0,0
BRDA:177,24,1,0
BRDA:195,25,0,0
BRDA:195,25,1,0
BRDA:198,26,0,0
BRDA:198,26,1,0
BRDA:204,27,0,0
BRDA:204,27,1,0
BRDA:204,28,0,0
BRDA:204,28,1,0
BRDA:247,29,0,0
BRDA:247,29,1,0
BRDA:267,30,0,0
BRDA:268,31,0,0
BRDA:278,32,0,0
BRDA:278,32,1,0
BRDA:301,33,0,0
BRDA:301,33,1,0
BRDA:301,33,2,0
BRDA:308,34,0,0
BRDA:308,34,1,0
BRDA:315,35,0,0
BRDA:315,35,1,0
BRDA:315,35,2,0
BRDA:322,36,0,0
BRDA:322,36,1,0
BRDA:329,37,0,0
BRDA:329,37,1,0
BRDA:329,37,2,0
BRDA:329,37,3,0
BRDA:368,38,0,0
BRDA:368,38,1,0
BRDA:368,39,0,0
BRDA:368,39,1,0
BRDA:368,39,2,0
BRDA:390,40,0,0
BRDA:390,40,1,0
BRDA:390,41,0,0
BRDA:390,41,1,0
BRDA:424,42,0,0
BRDA:425,43,0,0
BRDA:425,43,1,0
BRDA:428,44,0,0
BRDA:428,44,1,0
BRF:92
BRH:0
end_of_record
TN:
SF:lib/utils/errors.ts
FN:11,(anonymous_0)
FN:34,(anonymous_1)
FN:62,(anonymous_2)
FN:84,(anonymous_3)
FN:100,(anonymous_4)
FN:115,(anonymous_5)
FN:129,formatError
FN:150,logError
FN:185,createErrorMessage
FN:189,(anonymous_9)
FN:197,withErrorHandling
FN:201,(anonymous_11)
FN:218,assert
FN:231,assertDefined
FNF:14
FNH:0
FNDA:0,(anonymous_0)
FNDA:0,(anonymous_1)
FNDA:0,(anonymous_2)
FNDA:0,(anonymous_3)
FNDA:0,(anonymous_4)
FNDA:0,(anonymous_5)
FNDA:0,formatError
FNDA:0,logError
FNDA:0,createErrorMessage
FNDA:0,(anonymous_9)
FNDA:0,withErrorHandling
FNDA:0,(anonymous_11)
FNDA:0,assert
FNDA:0,assertDefined
DA:11,0
DA:13,0
DA:14,0
DA:15,0
DA:16,0
DA:19,0
DA:20,0
DA:21,0
DA:22,0
DA:23,0
DA:26,0
DA:27,0
DA:28,0
DA:34,0
DA:35,0
DA:36,0
DA:37,0
DA:38,0
DA:56,0
DA:68,0
DA:69,0
DA:70,0
DA:71,0
DA:72,0
DA:73,0
DA:76,0
DA:77,0
DA:85,0
DA:99,0
DA:101,0
DA:107,0
DA:114,0
DA:116,0
DA:122,0
DA:129,0
DA:130,0
DA:131,0
DA:135,0
DA:150,0
DA:154,0
DA:155,0
DA:162,0
DA:163,0
DA:165,0
DA:166,0
DA:168,0
DA:169,0
DA:171,0
DA:172,0
DA:174,0
DA:175,0
DA:178,0
DA:185,0
DA:189,0
DA:190,0
DA:197,0
DA:201,0
DA:202,0
DA:203,0
DA:205,0
DA:206,0
DA:208,0
DA:210,0
DA:218,0
DA:223,0
DA:224,0
DA:231,0
DA:235,0
DA:236,0
LF:69
LH:0
BRDA:11,0,0,0
BRDA:11,0,1,0
BRDA:34,1,0,0
BRDA:34,1,1,0
BRDA:66,2,0,0
BRDA:76,3,0,0
BRDA:76,3,1,0
BRDA:84,4,0,0
BRDA:91,5,0,0
BRDA:91,5,1,0
BRDA:130,6,0,0
BRDA:130,6,1,0
BRDA:162,7,0,0
BRDA:162,7,1,0
BRDA:163,8,0,0
BRDA:163,8,1,0
BRDA:163,8,2,0
BRDA:163,8,3,0
BRDA:190,9,0,0
BRDA:190,9,1,0
BRDA:190,10,0,0
BRDA:190,10,1,0
BRDA:190,11,0,0
BRDA:190,11,1,0
BRDA:205,12,0,0
BRDA:205,12,1,0
BRDA:221,13,0,0
BRDA:223,14,0,0
BRDA:223,14,1,0
BRDA:235,15,0,0
BRDA:235,15,1,0
BRDA:235,16,0,0
BRDA:235,16,1,0
BRF:33
BRH:0
end_of_record
TN:
SF:lib/utils/index.ts
FNF:0
FNH:0
DA:8,0
DA:11,0
DA:14,0
DA:17,0
DA:22,0
LF:5
LH:0
BRF:0
BRH:0
end_of_record
TN:
SF:lib/utils/japanese.ts
FN:34,optimizeLineBreaks
FN:90,getCharacterWidth
FN:115,adjustKerning
FN:139,shouldAddKerning
FN:162,isLatin
FN:171,isNumeric
FN:179,isJapanese
FN:193,selectOptimalFont
FN:216,calculateJapaneseRatio
FN:235,applyKinsokuProcessing
FN:285,optimizeJapaneseText
FNF:11
FNH:0
FNDA:0,optimizeLineBreaks
FNDA:0,getCharacterWidth
FNDA:0,adjustKerning
FNDA:0,shouldAddKerning
FNDA:0,isLatin
FNDA:0,isNumeric
FNDA:0,isJapanese
FNDA:0,selectOptimalFont
FNDA:0,calculateJapaneseRatio
FNDA:0,applyKinsokuProcessing
FNDA:0,optimizeJapaneseText
DA:11,0
DA:16,0
DA:21,0
DA:34,0
DA:35,0
DA:36,0
DA:39,0
DA:40,0
DA:41,0
DA:43,0
DA:44,0
DA:45,0
DA:48,0
DA:50,0
DA:52,0
DA:53,0
DA:55,0
DA:56,0
DA:57,0
DA:58,0
DA:60,0
DA:61,0
DA:62,0
DA:65,0
DA:66,0
DA:70,0
DA:71,0
DA:72,0
DA:73,0
DA:77,0
DA:78,0
DA:81,0
DA:92,0
DA:95,0
DA:96,0
DA:100,0
DA:102,0
DA:106,0
DA:115,0
DA:116,0
DA:118,0
DA:120,0
DA:121,0
DA:122,0
DA:123,0
DA:125,0
DA:128,0
DA:129,0
DA:133,0
DA:141,0
DA:142,0
DA:144,0
DA:145,0
DA:149,0
DA:150,0
DA:152,0
DA:153,0
DA:156,0
DA:163,0
DA:164,0
DA:172,0
DA:173,0
DA:180,0
DA:181,0
DA:193,0
DA:198,0
DA:199,0
DA:203,0
DA:206,0
DA:207,0
DA:210,0
DA:217,0
DA:219,0
DA:220,0
DA:221,0
DA:222,0
DA:226,0
DA:235,0
DA:236,0
DA:238,0
DA:239,0
DA:241,0
DA:242,0
DA:243,0
DA:244,0
DA:245,0
DA:248,0
DA:251,0
DA:252,0
DA:254,0
DA:255,0
DA:256,0
DA:257,0
DA:262,0
DA:263,0
DA:264,0
DA:266,0
DA:267,0
DA:271,0
DA:274,0
DA:285,0
DA:297,0
DA:299,0
DA:302,0
DA:303,0
DA:307,0
DA:308,0
DA:312,0
DA:313,0
DA:316,0
LF:110
LH:0
BRDA:35,0,0,0
BRDA:35,0,1,0
BRDA:35,1,0,0
BRDA:35,1,1,0
BRDA:45,2,0,0
BRDA:45,2,1,0
BRDA:48,3,0,0
BRDA:48,3,1,0
BRDA:50,4,0,0
BRDA:50,4,1,0
BRDA:53,5,0,0
BRDA:53,5,1,0
BRDA:53,6,0,0
BRDA:53,6,1,0
BRDA:70,7,0,0
BRDA:70,7,1,0
BRDA:77,8,0,0
BRDA:77,8,1,0
BRDA:95,9,0,0
BRDA:95,9,1,0
BRDA:95,10,0,0
BRDA:95,10,1,0
BRDA:100,11,0,0
BRDA:100,11,1,0
BRDA:100,12,0,0
BRDA:100,12,1,0
BRDA:100,12,2,0
BRDA:100,12,3,0
BRDA:116,13,0,0
BRDA:116,13,1,0
BRDA:122,14,0,0
BRDA:122,14,1,0
BRDA:123,15,0,0
BRDA:123,15,1,0
BRDA:128,16,0,0
BRDA:128,16,1,0
BRDA:141,17,0,0
BRDA:141,17,1,0
BRDA:141,18,0,0
BRDA:141,18,1,0
BRDA:144,19,0,0
BRDA:144,19,1,0
BRDA:144,20,0,0
BRDA:144,20,1,0
BRDA:149,21,0,0
BRDA:149,21,1,0
BRDA:149,22,0,0
BRDA:149,22,1,0
BRDA:152,23,0,0
BRDA:152,23,1,0
BRDA:152,24,0,0
BRDA:152,24,1,0
BRDA:164,25,0,0
BRDA:164,25,1,0
BRDA:164,25,2,0
BRDA:164,25,3,0
BRDA:173,26,0,0
BRDA:173,26,1,0
BRDA:181,27,0,0
BRDA:181,27,1,0
BRDA:181,27,2,0
BRDA:181,27,3,0
BRDA:181,27,4,0
BRDA:181,27,5,0
BRDA:198,28,0,0
BRDA:198,28,1,0
BRDA:206,29,0,0
BRDA:206,29,1,0
BRDA:217,30,0,0
BRDA:217,30,1,0
BRDA:221,31,0,0
BRDA:221,31,1,0
BRDA:236,32,0,0
BRDA:236,32,1,0
BRDA:243,33,0,0
BRDA:243,33,1,0
BRDA:252,34,0,0
BRDA:252,34,1,0
BRDA:252,35,0,0
BRDA:252,35,1,0
BRDA:255,36,0,0
BRDA:255,36,1,0
BRDA:262,37,0,0
BRDA:262,37,1,0
BRDA:264,38,0,0
BRDA:264,38,1,0
BRDA:264,39,0,0
BRDA:264,39,1,0
BRDA:287,40,0,0
BRDA:294,41,0,0
BRDA:295,42,0,0
BRDA:296,43,0,0
BRDA:302,44,0,0
BRDA:302,44,1,0
BRDA:307,45,0,0
BRDA:307,45,1,0
BRDA:312,46,0,0
BRDA:312,46,1,0
BRF:98
BRH:0
end_of_record
TN:
SF:lib/utils/layout.ts
FN:51,calculateOptimalFontSize
FN:89,textFitsInDimensions
FN:109,estimateLineCount
FN:136,getCharacterWidth
FN:160,distributeContent
FN:174,(anonymous_5)
FN:178,(anonymous_6)
FN:299,calculateResponsiveDimensions
FN:345,generateGridLayout
FNF:9
FNH:0
FNDA:0,calculateOptimalFontSize
FNDA:0,textFitsInDimensions
FNDA:0,estimateLineCount
FNDA:0,getCharacterWidth
FNDA:0,distributeContent
FNDA:0,(anonymous_5)
FNDA:0,(anonymous_6)
FNDA:0,calculateResponsiveDimensions
FNDA:0,generateGridLayout
DA:51,0
DA:60,0
DA:63,0
DA:64,0
DA:68,0
DA:69,0
DA:70,0
DA:72,0
DA:73,0
DA:75,0
DA:76,0
DA:77,0
DA:79,0
DA:83,0
DA:96,0
DA:97,0
DA:100,0
DA:101,0
DA:103,0
DA:110,0
DA:112,0
DA:113,0
DA:115,0
DA:116,0
DA:117,0
DA:118,0
DA:122,0
DA:123,0
DA:124,0
DA:127,0
DA:130,0
DA:137,0
DA:140,0
DA:141,0
DA:145,0
DA:146,0
DA:149,0
DA:160,0
DA:165,0
DA:166,0
DA:169,0
DA:170,0
DA:174,0
DA:177,0
DA:178,0
DA:179,0
DA:182,0
DA:183,0
DA:184,0
DA:186,0
DA:187,0
DA:188,0
DA:191,0
DA:193,0
DA:194,0
DA:195,0
DA:196,0
DA:199,0
DA:200,0
DA:203,0
DA:204,0
DA:209,0
DA:210,0
DA:214,0
DA:215,0
DA:218,0
DA:228,0
DA:233,0
DA:237,0
DA:241,0
DA:242,0
DA:243,0
DA:246,0
DA:247,0
DA:254,0
DA:257,0
DA:274,0
DA:278,0
DA:282,0
DA:287,0
DA:299,0
DA:305,0
DA:307,0
DA:308,0
DA:314,0
DA:315,0
DA:321,0
DA:323,0
DA:324,0
DA:325,0
DA:327,0
DA:333,0
DA:345,0
DA:367,0
DA:370,0
DA:371,0
DA:372,0
DA:374,0
DA:375,0
DA:378,0
DA:379,0
DA:381,0
DA:382,0
DA:385,0
DA:386,0
DA:390,0
DA:391,0
DA:393,0
DA:394,0
DA:396,0
DA:398,0
DA:399,0
DA:400,0
DA:401,0
DA:406,0
DA:407,0
DA:409,0
DA:410,0
DA:412,0
LF:119
LH:0
BRDA:54,0,0,0
BRDA:57,1,0,0
BRDA:58,2,0,0
BRDA:59,3,0,0
BRDA:63,4,0,0
BRDA:63,4,1,0
BRDA:63,5,0,0
BRDA:63,5,1,0
BRDA:63,5,2,0
BRDA:75,6,0,0
BRDA:75,6,1,0
BRDA:110,7,0,0
BRDA:110,7,1,0
BRDA:116,8,0,0
BRDA:116,8,1,0
BRDA:140,9,0,0
BRDA:140,9,1,0
BRDA:140,10,0,0
BRDA:140,10,1,0
BRDA:145,11,0,0
BRDA:145,11,1,0
BRDA:145,12,0,0
BRDA:145,12,1,0
BRDA:145,12,2,0
BRDA:145,12,3,0
BRDA:165,13,0,0
BRDA:165,13,1,0
BRDA:165,14,0,0
BRDA:165,14,1,0
BRDA:169,15,0,0
BRDA:169,15,1,0
BRDA:174,16,0,0
BRDA:174,16,1,0
BRDA:191,17,0,0
BRDA:191,17,1,0
BRDA:191,18,0,0
BRDA:191,18,1,0
BRDA:193,19,0,0
BRDA:193,19,1,0
BRDA:209,20,0,0
BRDA:209,20,1,0
BRDA:230,21,0,0
BRDA:246,22,0,0
BRDA:246,22,1,0
BRDA:307,23,0,0
BRDA:307,23,1,0
BRDA:307,24,0,0
BRDA:307,24,1,0
BRDA:314,25,0,0
BRDA:314,25,1,0
BRDA:314,26,0,0
BRDA:314,26,1,0
BRDA:321,27,0,0
BRDA:321,27,1,0
BRDA:321,28,0,0
BRDA:321,28,1,0
BRDA:349,29,0,0
BRDA:363,30,0,0
BRDA:364,31,0,0
BRDA:365,32,0,0
BRDA:366,33,0,0
BRDA:385,34,0,0
BRDA:385,34,1,0
BRDA:385,35,0,0
BRDA:385,35,1,0
BRDA:398,36,0,0
BRDA:398,36,1,0
BRF:67
BRH:0
end_of_record
